Command line invocation:
    /Applications/Xcode.app/Contents/Developer/usr/bin/xcodebuild build -scheme AIQuizlet -workspace /Users/azamatzakirov/ITIS/MySwiftProjects/UniverWork/AIQuizlet/AIQuizlet.xcworkspace -destination id=AF42636B-401C-4D7A-B9E4-821B36C25A4C

ComputePackagePrebuildTargetDependencyGraph

Prepare packages

CreateBuildRequest

SendProjectDescription

CreateBuildOperation

ComputeTargetDependencyGraph
note: Building targets in dependency order
note: Target dependency graph (1 target)
    Target 'AIQuizlet' in project 'AIQuizlet' (no dependencies)

GatherProvisioningInputs

CreateBuildDescription

ExecuteExternalTool /Applications/Xcode.app/Contents/Developer/Toolchains/XcodeDefault.xctoolchain/usr/bin/clang -v -E -dM -isysroot /Applications/Xcode.app/Contents/Developer/Platforms/iPhoneSimulator.platform/Developer/SDKs/iPhoneSimulator26.2.sdk -x c -c /dev/null

ExecuteExternalTool /Applications/Xcode.app/Contents/Developer/usr/bin/actool --print-asset-tag-combinations --output-format xml1 /Users/azamatzakirov/ITIS/MySwiftProjects/UniverWork/AIQuizlet/AIQuizlet/Resources/Assets.xcassets

ExecuteExternalTool /Applications/Xcode.app/Contents/Developer/usr/bin/actool --version --output-format xml1

Build description signature: fd0458bb25bad70e119b9809cf224413
Build description path: /Users/azamatzakirov/Library/Developer/Xcode/DerivedData/AIQuizlet-feruqamoqnndwoanqdomntpuhyix/Build/Intermediates.noindex/XCBuildData/fd0458bb25bad70e119b9809cf224413.xcbuilddata
note: Run script build phase 'SwiftGen' will be run during every build because the option to run the script phase "Based on dependency analysis" is unchecked. (in target 'AIQuizlet' from project 'AIQuizlet')
note: Run script build phase 'SwiftLint' will be run during every build because the option to run the script phase "Based on dependency analysis" is unchecked. (in target 'AIQuizlet' from project 'AIQuizlet')
PhaseScriptExecution SwiftLint /Users/azamatzakirov/Library/Developer/Xcode/DerivedData/AIQuizlet-feruqamoqnndwoanqdomntpuhyix/Build/Intermediates.noindex/AIQuizlet.build/Debug-iphonesimulator/AIQuizlet.build/Script-ED486465A703BB6A1F56F0D0.sh (in target 'AIQuizlet' from project 'AIQuizlet')
    cd /Users/azamatzakirov/ITIS/MySwiftProjects/UniverWork/AIQuizlet
    /bin/sh -c /Users/azamatzakirov/Library/Developer/Xcode/DerivedData/AIQuizlet-feruqamoqnndwoanqdomntpuhyix/Build/Intermediates.noindex/AIQuizlet.build/Debug-iphonesimulator/AIQuizlet.build/Script-ED486465A703BB6A1F56F0D0.sh
SwiftLint not installed

PhaseScriptExecution SwiftGen /Users/azamatzakirov/Library/Developer/Xcode/DerivedData/AIQuizlet-feruqamoqnndwoanqdomntpuhyix/Build/Intermediates.noindex/AIQuizlet.build/Debug-iphonesimulator/AIQuizlet.build/Script-30678305F3C8B90F66E924D3.sh (in target 'AIQuizlet' from project 'AIQuizlet')
    cd /Users/azamatzakirov/ITIS/MySwiftProjects/UniverWork/AIQuizlet
    /bin/sh -c /Users/azamatzakirov/Library/Developer/Xcode/DerivedData/AIQuizlet-feruqamoqnndwoanqdomntpuhyix/Build/Intermediates.noindex/AIQuizlet.build/Debug-iphonesimulator/AIQuizlet.build/Script-30678305F3C8B90F66E924D3.sh
SwiftGen not installed

CompileAssetCatalogVariant thinned /Users/azamatzakirov/Library/Developer/Xcode/DerivedData/AIQuizlet-feruqamoqnndwoanqdomntpuhyix/Build/Products/Debug-iphonesimulator/AIQuizlet.app /Users/azamatzakirov/ITIS/MySwiftProjects/UniverWork/AIQuizlet/AIQuizlet/Resources/Assets.xcassets (in target 'AIQuizlet' from project 'AIQuizlet')
    cd /Users/azamatzakirov/ITIS/MySwiftProjects/UniverWork/AIQuizlet
    /Applications/Xcode.app/Contents/Developer/usr/bin/actool /Users/azamatzakirov/ITIS/MySwiftProjects/UniverWork/AIQuizlet/AIQuizlet/Resources/Assets.xcassets --compile /Users/azamatzakirov/Library/Developer/Xcode/DerivedData/AIQuizlet-feruqamoqnndwoanqdomntpuhyix/Build/Intermediates.noindex/AIQuizlet.build/Debug-iphonesimulator/AIQuizlet.build/assetcatalog_output/thinned --output-format human-readable-text --notices --warnings --export-dependency-info /Users/azamatzakirov/Library/Developer/Xcode/DerivedData/AIQuizlet-feruqamoqnndwoanqdomntpuhyix/Build/Intermediates.noindex/AIQuizlet.build/Debug-iphonesimulator/AIQuizlet.build/assetcatalog_dependencies_thinned --output-partial-info-plist /Users/azamatzakirov/Library/Developer/Xcode/DerivedData/AIQuizlet-feruqamoqnndwoanqdomntpuhyix/Build/Intermediates.noindex/AIQuizlet.build/Debug-iphonesimulator/AIQuizlet.build/assetcatalog_generated_info.plist_thinned --app-icon AppIcon --accent-color AccentColor --compress-pngs --enable-on-demand-resources YES --filter-for-thinning-device-configuration iPad15,3 --filter-for-device-os-version 26.2 --development-region en --target-device iphone --minimum-deployment-target 17.0 --platform iphonesimulator
/* com.apple.actool.notices */
/Users/azamatzakirov/ITIS/MySwiftProjects/UniverWork/AIQuizlet/AIQuizlet/Resources/Assets.xcassets: warning: Accent color ‘AccentColor’ is not present in any asset catalogs.
/* com.apple.actool.compilation-results */
/Users/azamatzakirov/Library/Developer/Xcode/DerivedData/AIQuizlet-feruqamoqnndwoanqdomntpuhyix/Build/Intermediates.noindex/AIQuizlet.build/Debug-iphonesimulator/AIQuizlet.build/assetcatalog_generated_info.plist_thinned
/Users/azamatzakirov/Library/Developer/Xcode/DerivedData/AIQuizlet-feruqamoqnndwoanqdomntpuhyix/Build/Intermediates.noindex/AIQuizlet.build/Debug-iphonesimulator/AIQuizlet.build/assetcatalog_output/thinned/AppIcon60x60@2x.png
/Users/azamatzakirov/Library/Developer/Xcode/DerivedData/AIQuizlet-feruqamoqnndwoanqdomntpuhyix/Build/Intermediates.noindex/AIQuizlet.build/Debug-iphonesimulator/AIQuizlet.build/assetcatalog_output/thinned/AppIcon76x76@2x~ipad.png
/Users/azamatzakirov/Library/Developer/Xcode/DerivedData/AIQuizlet-feruqamoqnndwoanqdomntpuhyix/Build/Intermediates.noindex/AIQuizlet.build/Debug-iphonesimulator/AIQuizlet.build/assetcatalog_output/thinned/Assets.car


LinkAssetCatalog /Users/azamatzakirov/ITIS/MySwiftProjects/UniverWork/AIQuizlet/AIQuizlet/Resources/Assets.xcassets (in target 'AIQuizlet' from project 'AIQuizlet')
    cd /Users/azamatzakirov/ITIS/MySwiftProjects/UniverWork/AIQuizlet
    builtin-linkAssetCatalog --thinned /Users/azamatzakirov/Library/Developer/Xcode/DerivedData/AIQuizlet-feruqamoqnndwoanqdomntpuhyix/Build/Intermediates.noindex/AIQuizlet.build/Debug-iphonesimulator/AIQuizlet.build/assetcatalog_output/thinned --thinned-dependencies /Users/azamatzakirov/Library/Developer/Xcode/DerivedData/AIQuizlet-feruqamoqnndwoanqdomntpuhyix/Build/Intermediates.noindex/AIQuizlet.build/Debug-iphonesimulator/AIQuizlet.build/assetcatalog_dependencies_thinned --thinned-info-plist-content /Users/azamatzakirov/Library/Developer/Xcode/DerivedData/AIQuizlet-feruqamoqnndwoanqdomntpuhyix/Build/Intermediates.noindex/AIQuizlet.build/Debug-iphonesimulator/AIQuizlet.build/assetcatalog_generated_info.plist_thinned --unthinned /Users/azamatzakirov/Library/Developer/Xcode/DerivedData/AIQuizlet-feruqamoqnndwoanqdomntpuhyix/Build/Intermediates.noindex/AIQuizlet.build/Debug-iphonesimulator/AIQuizlet.build/assetcatalog_output/unthinned --unthinned-dependencies /Users/azamatzakirov/Library/Developer/Xcode/DerivedData/AIQuizlet-feruqamoqnndwoanqdomntpuhyix/Build/Intermediates.noindex/AIQuizlet.build/Debug-iphonesimulator/AIQuizlet.build/assetcatalog_dependencies_unthinned --unthinned-info-plist-content /Users/azamatzakirov/Library/Developer/Xcode/DerivedData/AIQuizlet-feruqamoqnndwoanqdomntpuhyix/Build/Intermediates.noindex/AIQuizlet.build/Debug-iphonesimulator/AIQuizlet.build/assetcatalog_generated_info.plist_unthinned --output /Users/azamatzakirov/Library/Developer/Xcode/DerivedData/AIQuizlet-feruqamoqnndwoanqdomntpuhyix/Build/Products/Debug-iphonesimulator/AIQuizlet.app --plist-output /Users/azamatzakirov/Library/Developer/Xcode/DerivedData/AIQuizlet-feruqamoqnndwoanqdomntpuhyix/Build/Intermediates.noindex/AIQuizlet.build/Debug-iphonesimulator/AIQuizlet.build/assetcatalog_generated_info.plist
note: Emplaced /Users/azamatzakirov/Library/Developer/Xcode/DerivedData/AIQuizlet-feruqamoqnndwoanqdomntpuhyix/Build/Products/Debug-iphonesimulator/AIQuizlet.app/Assets.car (in target 'AIQuizlet' from project 'AIQuizlet')
note: Emplaced /Users/azamatzakirov/Library/Developer/Xcode/DerivedData/AIQuizlet-feruqamoqnndwoanqdomntpuhyix/Build/Products/Debug-iphonesimulator/AIQuizlet.app/AppIcon76x76@2x~ipad.png (in target 'AIQuizlet' from project 'AIQuizlet')
note: Emplaced /Users/azamatzakirov/Library/Developer/Xcode/DerivedData/AIQuizlet-feruqamoqnndwoanqdomntpuhyix/Build/Products/Debug-iphonesimulator/AIQuizlet.app/AppIcon60x60@2x.png (in target 'AIQuizlet' from project 'AIQuizlet')

ProcessInfoPlistFile /Users/azamatzakirov/Library/Developer/Xcode/DerivedData/AIQuizlet-feruqamoqnndwoanqdomntpuhyix/Build/Products/Debug-iphonesimulator/AIQuizlet.app/Info.plist /Users/azamatzakirov/ITIS/MySwiftProjects/UniverWork/AIQuizlet/Derived/InfoPlists/AIQuizlet-Info.plist (in target 'AIQuizlet' from project 'AIQuizlet')
    cd /Users/azamatzakirov/ITIS/MySwiftProjects/UniverWork/AIQuizlet
    builtin-infoPlistUtility /Users/azamatzakirov/ITIS/MySwiftProjects/UniverWork/AIQuizlet/Derived/InfoPlists/AIQuizlet-Info.plist -producttype com.apple.product-type.application -genpkginfo /Users/azamatzakirov/Library/Developer/Xcode/DerivedData/AIQuizlet-feruqamoqnndwoanqdomntpuhyix/Build/Products/Debug-iphonesimulator/AIQuizlet.app/PkgInfo -expandbuildsettings -format binary -platform iphonesimulator -additionalcontentfile /Users/azamatzakirov/Library/Developer/Xcode/DerivedData/AIQuizlet-feruqamoqnndwoanqdomntpuhyix/Build/Intermediates.noindex/AIQuizlet.build/Debug-iphonesimulator/AIQuizlet.build/assetcatalog_generated_info.plist -o /Users/azamatzakirov/Library/Developer/Xcode/DerivedData/AIQuizlet-feruqamoqnndwoanqdomntpuhyix/Build/Products/Debug-iphonesimulator/AIQuizlet.app/Info.plist

CodeSign /Users/azamatzakirov/Library/Developer/Xcode/DerivedData/AIQuizlet-feruqamoqnndwoanqdomntpuhyix/Build/Products/Debug-iphonesimulator/AIQuizlet.app (in target 'AIQuizlet' from project 'AIQuizlet')
    cd /Users/azamatzakirov/ITIS/MySwiftProjects/UniverWork/AIQuizlet
    
    Signing Identity:     "Sign to Run Locally"
    
    /usr/bin/codesign --force --sign - --timestamp\=none --generate-entitlement-der /Users/azamatzakirov/Library/Developer/Xcode/DerivedData/AIQuizlet-feruqamoqnndwoanqdomntpuhyix/Build/Products/Debug-iphonesimulator/AIQuizlet.app

RegisterExecutionPolicyException /Users/azamatzakirov/Library/Developer/Xcode/DerivedData/AIQuizlet-feruqamoqnndwoanqdomntpuhyix/Build/Products/Debug-iphonesimulator/AIQuizlet.app (in target 'AIQuizlet' from project 'AIQuizlet')
    cd /Users/azamatzakirov/ITIS/MySwiftProjects/UniverWork/AIQuizlet
    builtin-RegisterExecutionPolicyException /Users/azamatzakirov/Library/Developer/Xcode/DerivedData/AIQuizlet-feruqamoqnndwoanqdomntpuhyix/Build/Products/Debug-iphonesimulator/AIQuizlet.app

Validate /Users/azamatzakirov/Library/Developer/Xcode/DerivedData/AIQuizlet-feruqamoqnndwoanqdomntpuhyix/Build/Products/Debug-iphonesimulator/AIQuizlet.app (in target 'AIQuizlet' from project 'AIQuizlet')
    cd /Users/azamatzakirov/ITIS/MySwiftProjects/UniverWork/AIQuizlet
    builtin-validationUtility /Users/azamatzakirov/Library/Developer/Xcode/DerivedData/AIQuizlet-feruqamoqnndwoanqdomntpuhyix/Build/Products/Debug-iphonesimulator/AIQuizlet.app -shallow-bundle -infoplist-subpath Info.plist

Touch /Users/azamatzakirov/Library/Developer/Xcode/DerivedData/AIQuizlet-feruqamoqnndwoanqdomntpuhyix/Build/Products/Debug-iphonesimulator/AIQuizlet.app (in target 'AIQuizlet' from project 'AIQuizlet')
    cd /Users/azamatzakirov/ITIS/MySwiftProjects/UniverWork/AIQuizlet
    /usr/bin/touch -c /Users/azamatzakirov/Library/Developer/Xcode/DerivedData/AIQuizlet-feruqamoqnndwoanqdomntpuhyix/Build/Products/Debug-iphonesimulator/AIQuizlet.app

** BUILD SUCCEEDED **

