Command line invocation:
    /Applications/Xcode.app/Contents/Developer/usr/bin/xcodebuild build -scheme AIQuizlet -workspace /Users/azamatzakirov/ITIS/MySwiftProjects/UniverWork/AIQuizlet/AIQuizlet.xcworkspace -destination id=AF42636B-401C-4D7A-B9E4-821B36C25A4C

ComputePackagePrebuildTargetDependencyGraph

Prepare packages

CreateBuildRequest

SendProjectDescription

CreateBuildOperation

ComputeTargetDependencyGraph
note: Building targets in dependency order
note: Target dependency graph (1 target)
    Target 'AIQuizlet' in project 'AIQuizlet' (no dependencies)

GatherProvisioningInputs

CreateBuildDescription

ExecuteExternalTool /Applications/Xcode.app/Contents/Developer/Toolchains/XcodeDefault.xctoolchain/usr/bin/clang -v -E -dM -isysroot /Applications/Xcode.app/Contents/Developer/Platforms/iPhoneSimulator.platform/Developer/SDKs/iPhoneSimulator26.2.sdk -x c -c /dev/null

ExecuteExternalTool /Applications/Xcode.app/Contents/Developer/usr/bin/actool --print-asset-tag-combinations --output-format xml1 /Users/azamatzakirov/ITIS/MySwiftProjects/UniverWork/AIQuizlet/AIQuizlet/Resources/Assets.xcassets

ExecuteExternalTool /Applications/Xcode.app/Contents/Developer/usr/bin/actool --version --output-format xml1

Build description signature: 203cd20517f2d5b4f97c5af5b4f377d8
Build description path: /Users/azamatzakirov/Library/Developer/Xcode/DerivedData/AIQuizlet-feruqamoqnndwoanqdomntpuhyix/Build/Intermediates.noindex/XCBuildData/203cd20517f2d5b4f97c5af5b4f377d8.xcbuilddata
CreateBuildDirectory /Users/azamatzakirov/Library/Developer/Xcode/DerivedData/AIQuizlet-feruqamoqnndwoanqdomntpuhyix/Build/Products
    cd /Users/azamatzakirov/ITIS/MySwiftProjects/UniverWork/AIQuizlet
    builtin-create-build-directory /Users/azamatzakirov/Library/Developer/Xcode/DerivedData/AIQuizlet-feruqamoqnndwoanqdomntpuhyix/Build/Products

CreateBuildDirectory /Users/azamatzakirov/Library/Developer/Xcode/DerivedData/AIQuizlet-feruqamoqnndwoanqdomntpuhyix/Build/Intermediates.noindex
    cd /Users/azamatzakirov/ITIS/MySwiftProjects/UniverWork/AIQuizlet
    builtin-create-build-directory /Users/azamatzakirov/Library/Developer/Xcode/DerivedData/AIQuizlet-feruqamoqnndwoanqdomntpuhyix/Build/Intermediates.noindex

CreateBuildDirectory /Users/azamatzakirov/Library/Developer/Xcode/DerivedData/AIQuizlet-feruqamoqnndwoanqdomntpuhyix/Build/Intermediates.noindex/ExplicitPrecompiledModules
    cd /Users/azamatzakirov/ITIS/MySwiftProjects/UniverWork/AIQuizlet
    builtin-create-build-directory /Users/azamatzakirov/Library/Developer/Xcode/DerivedData/AIQuizlet-feruqamoqnndwoanqdomntpuhyix/Build/Intermediates.noindex/ExplicitPrecompiledModules

CreateBuildDirectory /Users/azamatzakirov/Library/Developer/Xcode/DerivedData/AIQuizlet-feruqamoqnndwoanqdomntpuhyix/Build/Products/Debug-iphonesimulator
    cd /Users/azamatzakirov/ITIS/MySwiftProjects/UniverWork/AIQuizlet
    builtin-create-build-directory /Users/azamatzakirov/Library/Developer/Xcode/DerivedData/AIQuizlet-feruqamoqnndwoanqdomntpuhyix/Build/Products/Debug-iphonesimulator

CreateBuildDirectory /Users/azamatzakirov/Library/Developer/Xcode/DerivedData/AIQuizlet-feruqamoqnndwoanqdomntpuhyix/Build/Intermediates.noindex/SwiftExplicitPrecompiledModules
    cd /Users/azamatzakirov/ITIS/MySwiftProjects/UniverWork/AIQuizlet
    builtin-create-build-directory /Users/azamatzakirov/Library/Developer/Xcode/DerivedData/AIQuizlet-feruqamoqnndwoanqdomntpuhyix/Build/Intermediates.noindex/SwiftExplicitPrecompiledModules

CreateBuildDirectory /Users/azamatzakirov/Library/Developer/Xcode/DerivedData/AIQuizlet-feruqamoqnndwoanqdomntpuhyix/Build/Intermediates.noindex/EagerLinkingTBDs/Debug-iphonesimulator
    cd /Users/azamatzakirov/ITIS/MySwiftProjects/UniverWork/AIQuizlet
    builtin-create-build-directory /Users/azamatzakirov/Library/Developer/Xcode/DerivedData/AIQuizlet-feruqamoqnndwoanqdomntpuhyix/Build/Intermediates.noindex/EagerLinkingTBDs/Debug-iphonesimulator

WriteAuxiliaryFile /Users/azamatzakirov/Library/Developer/Xcode/DerivedData/AIQuizlet-feruqamoqnndwoanqdomntpuhyix/Build/Intermediates.noindex/AIQuizlet.build/Debug-iphonesimulator/AIQuizlet-e78fd4c0cb8ddbc818b8b16b46e86f46-VFS-iphonesimulator/all-product-headers.yaml
    cd /Users/azamatzakirov/ITIS/MySwiftProjects/UniverWork/AIQuizlet
    write-file /Users/azamatzakirov/Library/Developer/Xcode/DerivedData/AIQuizlet-feruqamoqnndwoanqdomntpuhyix/Build/Intermediates.noindex/AIQuizlet.build/Debug-iphonesimulator/AIQuizlet-e78fd4c0cb8ddbc818b8b16b46e86f46-VFS-iphonesimulator/all-product-headers.yaml

note: Run script build phase 'SwiftLint' will be run during every build because the option to run the script phase "Based on dependency analysis" is unchecked. (in target 'AIQuizlet' from project 'AIQuizlet')
note: Run script build phase 'SwiftGen' will be run during every build because the option to run the script phase "Based on dependency analysis" is unchecked. (in target 'AIQuizlet' from project 'AIQuizlet')
WriteAuxiliaryFile /Users/azamatzakirov/Library/Developer/Xcode/DerivedData/AIQuizlet-feruqamoqnndwoanqdomntpuhyix/Build/Intermediates.noindex/AIQuizlet.build/Debug-iphonesimulator/AIQuizlet.build/Script-30678305F3C8B90F66E924D3.sh (in target 'AIQuizlet' from project 'AIQuizlet')
    cd /Users/azamatzakirov/ITIS/MySwiftProjects/UniverWork/AIQuizlet
    write-file /Users/azamatzakirov/Library/Developer/Xcode/DerivedData/AIQuizlet-feruqamoqnndwoanqdomntpuhyix/Build/Intermediates.noindex/AIQuizlet.build/Debug-iphonesimulator/AIQuizlet.build/Script-30678305F3C8B90F66E924D3.sh

WriteAuxiliaryFile /Users/azamatzakirov/Library/Developer/Xcode/DerivedData/AIQuizlet-feruqamoqnndwoanqdomntpuhyix/Build/Intermediates.noindex/AIQuizlet.build/Debug-iphonesimulator/AIQuizlet.build/AIQuizlet.DependencyMetadataFileList (in target 'AIQuizlet' from project 'AIQuizlet')
    cd /Users/azamatzakirov/ITIS/MySwiftProjects/UniverWork/AIQuizlet
    write-file /Users/azamatzakirov/Library/Developer/Xcode/DerivedData/AIQuizlet-feruqamoqnndwoanqdomntpuhyix/Build/Intermediates.noindex/AIQuizlet.build/Debug-iphonesimulator/AIQuizlet.build/AIQuizlet.DependencyMetadataFileList

WriteAuxiliaryFile /Users/azamatzakirov/Library/Developer/Xcode/DerivedData/AIQuizlet-feruqamoqnndwoanqdomntpuhyix/Build/Intermediates.noindex/AIQuizlet.build/Debug-iphonesimulator/AIQuizlet.build/AIQuizlet-project-headers.hmap (in target 'AIQuizlet' from project 'AIQuizlet')
    cd /Users/azamatzakirov/ITIS/MySwiftProjects/UniverWork/AIQuizlet
    write-file /Users/azamatzakirov/Library/Developer/Xcode/DerivedData/AIQuizlet-feruqamoqnndwoanqdomntpuhyix/Build/Intermediates.noindex/AIQuizlet.build/Debug-iphonesimulator/AIQuizlet.build/AIQuizlet-project-headers.hmap

WriteAuxiliaryFile /Users/azamatzakirov/Library/Developer/Xcode/DerivedData/AIQuizlet-feruqamoqnndwoanqdomntpuhyix/Build/Intermediates.noindex/AIQuizlet.build/Debug-iphonesimulator/AIQuizlet.build/AIQuizlet-own-target-headers.hmap (in target 'AIQuizlet' from project 'AIQuizlet')
    cd /Users/azamatzakirov/ITIS/MySwiftProjects/UniverWork/AIQuizlet
    write-file /Users/azamatzakirov/Library/Developer/Xcode/DerivedData/AIQuizlet-feruqamoqnndwoanqdomntpuhyix/Build/Intermediates.noindex/AIQuizlet.build/Debug-iphonesimulator/AIQuizlet.build/AIQuizlet-own-target-headers.hmap

WriteAuxiliaryFile /Users/azamatzakirov/Library/Developer/Xcode/DerivedData/AIQuizlet-feruqamoqnndwoanqdomntpuhyix/Build/Intermediates.noindex/AIQuizlet.build/Debug-iphonesimulator/AIQuizlet.build/Script-ED486465A703BB6A1F56F0D0.sh (in target 'AIQuizlet' from project 'AIQuizlet')
    cd /Users/azamatzakirov/ITIS/MySwiftProjects/UniverWork/AIQuizlet
    write-file /Users/azamatzakirov/Library/Developer/Xcode/DerivedData/AIQuizlet-feruqamoqnndwoanqdomntpuhyix/Build/Intermediates.noindex/AIQuizlet.build/Debug-iphonesimulator/AIQuizlet.build/Script-ED486465A703BB6A1F56F0D0.sh

WriteAuxiliaryFile /Users/azamatzakirov/Library/Developer/Xcode/DerivedData/AIQuizlet-feruqamoqnndwoanqdomntpuhyix/Build/Intermediates.noindex/AIQuizlet.build/Debug-iphonesimulator/AIQuizlet.build/AIQuizlet-generated-files.hmap (in target 'AIQuizlet' from project 'AIQuizlet')
    cd /Users/azamatzakirov/ITIS/MySwiftProjects/UniverWork/AIQuizlet
    write-file /Users/azamatzakirov/Library/Developer/Xcode/DerivedData/AIQuizlet-feruqamoqnndwoanqdomntpuhyix/Build/Intermediates.noindex/AIQuizlet.build/Debug-iphonesimulator/AIQuizlet.build/AIQuizlet-generated-files.hmap

WriteAuxiliaryFile /Users/azamatzakirov/Library/Developer/Xcode/DerivedData/AIQuizlet-feruqamoqnndwoanqdomntpuhyix/Build/Intermediates.noindex/AIQuizlet.build/Debug-iphonesimulator/AIQuizlet.build/AIQuizlet.DependencyStaticMetadataFileList (in target 'AIQuizlet' from project 'AIQuizlet')
    cd /Users/azamatzakirov/ITIS/MySwiftProjects/UniverWork/AIQuizlet
    write-file /Users/azamatzakirov/Library/Developer/Xcode/DerivedData/AIQuizlet-feruqamoqnndwoanqdomntpuhyix/Build/Intermediates.noindex/AIQuizlet.build/Debug-iphonesimulator/AIQuizlet.build/AIQuizlet.DependencyStaticMetadataFileList

WriteAuxiliaryFile /Users/azamatzakirov/Library/Developer/Xcode/DerivedData/AIQuizlet-feruqamoqnndwoanqdomntpuhyix/Build/Intermediates.noindex/AIQuizlet.build/Debug-iphonesimulator/AIQuizlet.build/AIQuizlet-all-target-headers.hmap (in target 'AIQuizlet' from project 'AIQuizlet')
    cd /Users/azamatzakirov/ITIS/MySwiftProjects/UniverWork/AIQuizlet
    write-file /Users/azamatzakirov/Library/Developer/Xcode/DerivedData/AIQuizlet-feruqamoqnndwoanqdomntpuhyix/Build/Intermediates.noindex/AIQuizlet.build/Debug-iphonesimulator/AIQuizlet.build/AIQuizlet-all-target-headers.hmap

WriteAuxiliaryFile /Users/azamatzakirov/Library/Developer/Xcode/DerivedData/AIQuizlet-feruqamoqnndwoanqdomntpuhyix/Build/Intermediates.noindex/AIQuizlet.build/Debug-iphonesimulator/AIQuizlet.build/AIQuizlet.hmap (in target 'AIQuizlet' from project 'AIQuizlet')
    cd /Users/azamatzakirov/ITIS/MySwiftProjects/UniverWork/AIQuizlet
    write-file /Users/azamatzakirov/Library/Developer/Xcode/DerivedData/AIQuizlet-feruqamoqnndwoanqdomntpuhyix/Build/Intermediates.noindex/AIQuizlet.build/Debug-iphonesimulator/AIQuizlet.build/AIQuizlet.hmap

WriteAuxiliaryFile /Users/azamatzakirov/Library/Developer/Xcode/DerivedData/AIQuizlet-feruqamoqnndwoanqdomntpuhyix/Build/Intermediates.noindex/AIQuizlet.build/Debug-iphonesimulator/AIQuizlet.build/DerivedSources/Entitlements-Simulated.plist (in target 'AIQuizlet' from project 'AIQuizlet')
    cd /Users/azamatzakirov/ITIS/MySwiftProjects/UniverWork/AIQuizlet
    write-file /Users/azamatzakirov/Library/Developer/Xcode/DerivedData/AIQuizlet-feruqamoqnndwoanqdomntpuhyix/Build/Intermediates.noindex/AIQuizlet.build/Debug-iphonesimulator/AIQuizlet.build/DerivedSources/Entitlements-Simulated.plist

WriteAuxiliaryFile /Users/azamatzakirov/Library/Developer/Xcode/DerivedData/AIQuizlet-feruqamoqnndwoanqdomntpuhyix/Build/Intermediates.noindex/AIQuizlet.build/Debug-iphonesimulator/AIQuizlet.build/AIQuizlet-all-non-framework-target-headers.hmap (in target 'AIQuizlet' from project 'AIQuizlet')
    cd /Users/azamatzakirov/ITIS/MySwiftProjects/UniverWork/AIQuizlet
    write-file /Users/azamatzakirov/Library/Developer/Xcode/DerivedData/AIQuizlet-feruqamoqnndwoanqdomntpuhyix/Build/Intermediates.noindex/AIQuizlet.build/Debug-iphonesimulator/AIQuizlet.build/AIQuizlet-all-non-framework-target-headers.hmap

MkDir /Users/azamatzakirov/Library/Developer/Xcode/DerivedData/AIQuizlet-feruqamoqnndwoanqdomntpuhyix/Build/Products/Debug-iphonesimulator/AIQuizlet.app (in target 'AIQuizlet' from project 'AIQuizlet')
    cd /Users/azamatzakirov/ITIS/MySwiftProjects/UniverWork/AIQuizlet
    /bin/mkdir -p /Users/azamatzakirov/Library/Developer/Xcode/DerivedData/AIQuizlet-feruqamoqnndwoanqdomntpuhyix/Build/Products/Debug-iphonesimulator/AIQuizlet.app

ProcessProductPackaging "" /Users/azamatzakirov/Library/Developer/Xcode/DerivedData/AIQuizlet-feruqamoqnndwoanqdomntpuhyix/Build/Intermediates.noindex/AIQuizlet.build/Debug-iphonesimulator/AIQuizlet.build/AIQuizlet.app-Simulated.xcent (in target 'AIQuizlet' from project 'AIQuizlet')
    cd /Users/azamatzakirov/ITIS/MySwiftProjects/UniverWork/AIQuizlet
    
    Entitlements:
    
    {
    "application-identifier" = "7J752S5X97.com.aiquizlet.app";
}
    
    builtin-productPackagingUtility -entitlements -format xml -o /Users/azamatzakirov/Library/Developer/Xcode/DerivedData/AIQuizlet-feruqamoqnndwoanqdomntpuhyix/Build/Intermediates.noindex/AIQuizlet.build/Debug-iphonesimulator/AIQuizlet.build/AIQuizlet.app-Simulated.xcent

ProcessProductPackagingDER /Users/azamatzakirov/Library/Developer/Xcode/DerivedData/AIQuizlet-feruqamoqnndwoanqdomntpuhyix/Build/Intermediates.noindex/AIQuizlet.build/Debug-iphonesimulator/AIQuizlet.build/AIQuizlet.app-Simulated.xcent /Users/azamatzakirov/Library/Developer/Xcode/DerivedData/AIQuizlet-feruqamoqnndwoanqdomntpuhyix/Build/Intermediates.noindex/AIQuizlet.build/Debug-iphonesimulator/AIQuizlet.build/AIQuizlet.app-Simulated.xcent.der (in target 'AIQuizlet' from project 'AIQuizlet')
    cd /Users/azamatzakirov/ITIS/MySwiftProjects/UniverWork/AIQuizlet
    /usr/bin/derq query -f xml -i /Users/azamatzakirov/Library/Developer/Xcode/DerivedData/AIQuizlet-feruqamoqnndwoanqdomntpuhyix/Build/Intermediates.noindex/AIQuizlet.build/Debug-iphonesimulator/AIQuizlet.build/AIQuizlet.app-Simulated.xcent -o /Users/azamatzakirov/Library/Developer/Xcode/DerivedData/AIQuizlet-feruqamoqnndwoanqdomntpuhyix/Build/Intermediates.noindex/AIQuizlet.build/Debug-iphonesimulator/AIQuizlet.build/AIQuizlet.app-Simulated.xcent.der --raw

PhaseScriptExecution SwiftLint /Users/azamatzakirov/Library/Developer/Xcode/DerivedData/AIQuizlet-feruqamoqnndwoanqdomntpuhyix/Build/Intermediates.noindex/AIQuizlet.build/Debug-iphonesimulator/AIQuizlet.build/Script-ED486465A703BB6A1F56F0D0.sh (in target 'AIQuizlet' from project 'AIQuizlet')
    cd /Users/azamatzakirov/ITIS/MySwiftProjects/UniverWork/AIQuizlet
    /bin/sh -c /Users/azamatzakirov/Library/Developer/Xcode/DerivedData/AIQuizlet-feruqamoqnndwoanqdomntpuhyix/Build/Intermediates.noindex/AIQuizlet.build/Debug-iphonesimulator/AIQuizlet.build/Script-ED486465A703BB6A1F56F0D0.sh
SwiftLint not installed

PhaseScriptExecution SwiftGen /Users/azamatzakirov/Library/Developer/Xcode/DerivedData/AIQuizlet-feruqamoqnndwoanqdomntpuhyix/Build/Intermediates.noindex/AIQuizlet.build/Debug-iphonesimulator/AIQuizlet.build/Script-30678305F3C8B90F66E924D3.sh (in target 'AIQuizlet' from project 'AIQuizlet')
    cd /Users/azamatzakirov/ITIS/MySwiftProjects/UniverWork/AIQuizlet
    /bin/sh -c /Users/azamatzakirov/Library/Developer/Xcode/DerivedData/AIQuizlet-feruqamoqnndwoanqdomntpuhyix/Build/Intermediates.noindex/AIQuizlet.build/Debug-iphonesimulator/AIQuizlet.build/Script-30678305F3C8B90F66E924D3.sh
SwiftGen not installed

CopyStringsFile /Users/azamatzakirov/Library/Developer/Xcode/DerivedData/AIQuizlet-feruqamoqnndwoanqdomntpuhyix/Build/Products/Debug-iphonesimulator/AIQuizlet.app/Localizable.strings /Users/azamatzakirov/ITIS/MySwiftProjects/UniverWork/AIQuizlet/AIQuizlet/Resources/Localization/Localizable.strings (in target 'AIQuizlet' from project 'AIQuizlet')
    cd /Users/azamatzakirov/ITIS/MySwiftProjects/UniverWork/AIQuizlet
    builtin-copyStrings --validate --outputencoding binary --outfilename Localizable.strings --outdir /Users/azamatzakirov/Library/Developer/Xcode/DerivedData/AIQuizlet-feruqamoqnndwoanqdomntpuhyix/Build/Products/Debug-iphonesimulator/AIQuizlet.app -- /Users/azamatzakirov/ITIS/MySwiftProjects/UniverWork/AIQuizlet/AIQuizlet/Resources/Localization/Localizable.strings
/Users/azamatzakirov/ITIS/MySwiftProjects/UniverWork/AIQuizlet/AIQuizlet/Resources/Localization/Localizable.strings:1:1: note: detected encoding of input file as Unicode (UTF-8) (in target 'AIQuizlet' from project 'AIQuizlet')

MkDir /Users/azamatzakirov/Library/Developer/Xcode/DerivedData/AIQuizlet-feruqamoqnndwoanqdomntpuhyix/Build/Intermediates.noindex/AIQuizlet.build/Debug-iphonesimulator/AIQuizlet.build/assetcatalog_output/thinned (in target 'AIQuizlet' from project 'AIQuizlet')
    cd /Users/azamatzakirov/ITIS/MySwiftProjects/UniverWork/AIQuizlet
    /bin/mkdir -p /Users/azamatzakirov/Library/Developer/Xcode/DerivedData/AIQuizlet-feruqamoqnndwoanqdomntpuhyix/Build/Intermediates.noindex/AIQuizlet.build/Debug-iphonesimulator/AIQuizlet.build/assetcatalog_output/thinned

MkDir /Users/azamatzakirov/Library/Developer/Xcode/DerivedData/AIQuizlet-feruqamoqnndwoanqdomntpuhyix/Build/Intermediates.noindex/AIQuizlet.build/Debug-iphonesimulator/AIQuizlet.build/assetcatalog_output/unthinned (in target 'AIQuizlet' from project 'AIQuizlet')
    cd /Users/azamatzakirov/ITIS/MySwiftProjects/UniverWork/AIQuizlet
    /bin/mkdir -p /Users/azamatzakirov/Library/Developer/Xcode/DerivedData/AIQuizlet-feruqamoqnndwoanqdomntpuhyix/Build/Intermediates.noindex/AIQuizlet.build/Debug-iphonesimulator/AIQuizlet.build/assetcatalog_output/unthinned

CopyPlistFile /Users/azamatzakirov/Library/Developer/Xcode/DerivedData/AIQuizlet-feruqamoqnndwoanqdomntpuhyix/Build/Products/Debug-iphonesimulator/AIQuizlet.app/GoogleService-Info.plist /Users/azamatzakirov/ITIS/MySwiftProjects/UniverWork/AIQuizlet/AIQuizlet/Resources/GoogleService-Info.plist (in target 'AIQuizlet' from project 'AIQuizlet')
    cd /Users/azamatzakirov/ITIS/MySwiftProjects/UniverWork/AIQuizlet
    builtin-copyPlist --convert binary1 --outdir /Users/azamatzakirov/Library/Developer/Xcode/DerivedData/AIQuizlet-feruqamoqnndwoanqdomntpuhyix/Build/Products/Debug-iphonesimulator/AIQuizlet.app -- /Users/azamatzakirov/ITIS/MySwiftProjects/UniverWork/AIQuizlet/AIQuizlet/Resources/GoogleService-Info.plist

CompileAssetCatalogVariant thinned /Users/azamatzakirov/Library/Developer/Xcode/DerivedData/AIQuizlet-feruqamoqnndwoanqdomntpuhyix/Build/Products/Debug-iphonesimulator/AIQuizlet.app /Users/azamatzakirov/ITIS/MySwiftProjects/UniverWork/AIQuizlet/AIQuizlet/Resources/Assets.xcassets (in target 'AIQuizlet' from project 'AIQuizlet')
    cd /Users/azamatzakirov/ITIS/MySwiftProjects/UniverWork/AIQuizlet
    /Applications/Xcode.app/Contents/Developer/usr/bin/actool /Users/azamatzakirov/ITIS/MySwiftProjects/UniverWork/AIQuizlet/AIQuizlet/Resources/Assets.xcassets --compile /Users/azamatzakirov/Library/Developer/Xcode/DerivedData/AIQuizlet-feruqamoqnndwoanqdomntpuhyix/Build/Intermediates.noindex/AIQuizlet.build/Debug-iphonesimulator/AIQuizlet.build/assetcatalog_output/thinned --output-format human-readable-text --notices --warnings --export-dependency-info /Users/azamatzakirov/Library/Developer/Xcode/DerivedData/AIQuizlet-feruqamoqnndwoanqdomntpuhyix/Build/Intermediates.noindex/AIQuizlet.build/Debug-iphonesimulator/AIQuizlet.build/assetcatalog_dependencies_thinned --output-partial-info-plist /Users/azamatzakirov/Library/Developer/Xcode/DerivedData/AIQuizlet-feruqamoqnndwoanqdomntpuhyix/Build/Intermediates.noindex/AIQuizlet.build/Debug-iphonesimulator/AIQuizlet.build/assetcatalog_generated_info.plist_thinned --app-icon AppIcon --accent-color AccentColor --compress-pngs --enable-on-demand-resources YES --filter-for-thinning-device-configuration iPad15,3 --filter-for-device-os-version 26.2 --development-region en --target-device iphone --minimum-deployment-target 17.0 --platform iphonesimulator
/* com.apple.actool.errors */
/Users/azamatzakirov/ITIS/MySwiftProjects/UniverWork/AIQuizlet/AIQuizlet/Resources/Assets.xcassets: error: None of the input catalogs contained a matching stickers icon set, app icon set, or icon stack named  "AppIcon".
/* com.apple.actool.notices */
/Users/azamatzakirov/ITIS/MySwiftProjects/UniverWork/AIQuizlet/AIQuizlet/Resources/Assets.xcassets: warning: Accent color ‘AccentColor’ is not present in any asset catalogs.
/* com.apple.actool.compilation-results */
/Users/azamatzakirov/Library/Developer/Xcode/DerivedData/AIQuizlet-feruqamoqnndwoanqdomntpuhyix/Build/Intermediates.noindex/AIQuizlet.build/Debug-iphonesimulator/AIQuizlet.build/assetcatalog_generated_info.plist_thinned


** BUILD FAILED **


The following build commands failed:
	CompileAssetCatalogVariant thinned /Users/azamatzakirov/Library/Developer/Xcode/DerivedData/AIQuizlet-feruqamoqnndwoanqdomntpuhyix/Build/Products/Debug-iphonesimulator/AIQuizlet.app /Users/azamatzakirov/ITIS/MySwiftProjects/UniverWork/AIQuizlet/AIQuizlet/Resources/Assets.xcassets (in target 'AIQuizlet' from project 'AIQuizlet')
	Building workspace AIQuizlet with scheme AIQuizlet
(2 failures)
