Command line invocation:
    /Applications/Xcode.app/Contents/Developer/usr/bin/xcodebuild build -scheme AIQuizlet -workspace /Users/azamatzakirov/ITIS/MySwiftProjects/UniverWork/AIQuizlet/AIQuizlet.xcworkspace -destination id=AF42636B-401C-4D7A-B9E4-821B36C25A4C

ComputePackagePrebuildTargetDependencyGraph

Prepare packages

CreateBuildRequest

SendProjectDescription

CreateBuildOperation

ComputeTargetDependencyGraph
note: Building targets in dependency order
note: Target dependency graph (1 target)
    Target 'AIQuizlet' in project 'AIQuizlet' (no dependencies)

GatherProvisioningInputs

CreateBuildDescription

ExecuteExternalTool /Applications/Xcode.app/Contents/Developer/Toolchains/XcodeDefault.xctoolchain/usr/bin/clang -v -E -dM -isysroot /Applications/Xcode.app/Contents/Developer/Platforms/iPhoneSimulator.platform/Developer/SDKs/iPhoneSimulator26.2.sdk -x c -c /dev/null

ExecuteExternalTool /Applications/Xcode.app/Contents/Developer/usr/bin/actool --print-asset-tag-combinations --output-format xml1 /Users/azamatzakirov/ITIS/MySwiftProjects/UniverWork/AIQuizlet/AIQuizlet/Assets.xcassets

ExecuteExternalTool /Applications/Xcode.app/Contents/Developer/usr/bin/actool --version --output-format xml1

ExecuteExternalTool /Applications/Xcode.app/Contents/Developer/Toolchains/XcodeDefault.xctoolchain/usr/bin/swiftc --version

ExecuteExternalTool /Applications/Xcode.app/Contents/Developer/Toolchains/XcodeDefault.xctoolchain/usr/bin/ld -version_details

Build description signature: 6a72075f696a2864d7c2df6af8504163
Build description path: /Users/azamatzakirov/Library/Developer/Xcode/DerivedData/AIQuizlet-feruqamoqnndwoanqdomntpuhyix/Build/Intermediates.noindex/XCBuildData/6a72075f696a2864d7c2df6af8504163.xcbuilddata
ClangStatCache /Applications/Xcode.app/Contents/Developer/Toolchains/XcodeDefault.xctoolchain/usr/bin/clang-stat-cache /Applications/Xcode.app/Contents/Developer/Platforms/iPhoneSimulator.platform/Developer/SDKs/iPhoneSimulator26.2.sdk /Users/azamatzakirov/Library/Developer/Xcode/DerivedData/SDKStatCaches.noindex/iphonesimulator26.2-23C53-7d00a8b37fbd7999ea79df8ebc024bf0.sdkstatcache
    cd /Users/azamatzakirov/ITIS/MySwiftProjects/UniverWork/AIQuizlet
    /Applications/Xcode.app/Contents/Developer/Toolchains/XcodeDefault.xctoolchain/usr/bin/clang-stat-cache /Applications/Xcode.app/Contents/Developer/Platforms/iPhoneSimulator.platform/Developer/SDKs/iPhoneSimulator26.2.sdk -o /Users/azamatzakirov/Library/Developer/Xcode/DerivedData/SDKStatCaches.noindex/iphonesimulator26.2-23C53-7d00a8b37fbd7999ea79df8ebc024bf0.sdkstatcache

CreateBuildDirectory /Users/azamatzakirov/Library/Developer/Xcode/DerivedData/AIQuizlet-feruqamoqnndwoanqdomntpuhyix/Build/Intermediates.noindex
    cd /Users/azamatzakirov/ITIS/MySwiftProjects/UniverWork/AIQuizlet
    builtin-create-build-directory /Users/azamatzakirov/Library/Developer/Xcode/DerivedData/AIQuizlet-feruqamoqnndwoanqdomntpuhyix/Build/Intermediates.noindex

CreateBuildDirectory /Users/azamatzakirov/Library/Developer/Xcode/DerivedData/AIQuizlet-feruqamoqnndwoanqdomntpuhyix/Build/Products
    cd /Users/azamatzakirov/ITIS/MySwiftProjects/UniverWork/AIQuizlet
    builtin-create-build-directory /Users/azamatzakirov/Library/Developer/Xcode/DerivedData/AIQuizlet-feruqamoqnndwoanqdomntpuhyix/Build/Products

CreateBuildDirectory /Users/azamatzakirov/Library/Developer/Xcode/DerivedData/AIQuizlet-feruqamoqnndwoanqdomntpuhyix/Build/Products/Debug-iphonesimulator
    cd /Users/azamatzakirov/ITIS/MySwiftProjects/UniverWork/AIQuizlet
    builtin-create-build-directory /Users/azamatzakirov/Library/Developer/Xcode/DerivedData/AIQuizlet-feruqamoqnndwoanqdomntpuhyix/Build/Products/Debug-iphonesimulator

CreateBuildDirectory /Users/azamatzakirov/Library/Developer/Xcode/DerivedData/AIQuizlet-feruqamoqnndwoanqdomntpuhyix/Build/Intermediates.noindex/ExplicitPrecompiledModules
    cd /Users/azamatzakirov/ITIS/MySwiftProjects/UniverWork/AIQuizlet
    builtin-create-build-directory /Users/azamatzakirov/Library/Developer/Xcode/DerivedData/AIQuizlet-feruqamoqnndwoanqdomntpuhyix/Build/Intermediates.noindex/ExplicitPrecompiledModules

CreateBuildDirectory /Users/azamatzakirov/Library/Developer/Xcode/DerivedData/AIQuizlet-feruqamoqnndwoanqdomntpuhyix/Build/Intermediates.noindex/SwiftExplicitPrecompiledModules
    cd /Users/azamatzakirov/ITIS/MySwiftProjects/UniverWork/AIQuizlet
    builtin-create-build-directory /Users/azamatzakirov/Library/Developer/Xcode/DerivedData/AIQuizlet-feruqamoqnndwoanqdomntpuhyix/Build/Intermediates.noindex/SwiftExplicitPrecompiledModules

CreateBuildDirectory /Users/azamatzakirov/Library/Developer/Xcode/DerivedData/AIQuizlet-feruqamoqnndwoanqdomntpuhyix/Build/Intermediates.noindex/EagerLinkingTBDs/Debug-iphonesimulator
    cd /Users/azamatzakirov/ITIS/MySwiftProjects/UniverWork/AIQuizlet
    builtin-create-build-directory /Users/azamatzakirov/Library/Developer/Xcode/DerivedData/AIQuizlet-feruqamoqnndwoanqdomntpuhyix/Build/Intermediates.noindex/EagerLinkingTBDs/Debug-iphonesimulator

WriteAuxiliaryFile /Users/azamatzakirov/Library/Developer/Xcode/DerivedData/AIQuizlet-feruqamoqnndwoanqdomntpuhyix/Build/Intermediates.noindex/AIQuizlet.build/Debug-iphonesimulator/AIQuizlet-e78fd4c0cb8ddbc818b8b16b46e86f46-VFS-iphonesimulator/all-product-headers.yaml
    cd /Users/azamatzakirov/ITIS/MySwiftProjects/UniverWork/AIQuizlet
    write-file /Users/azamatzakirov/Library/Developer/Xcode/DerivedData/AIQuizlet-feruqamoqnndwoanqdomntpuhyix/Build/Intermediates.noindex/AIQuizlet.build/Debug-iphonesimulator/AIQuizlet-e78fd4c0cb8ddbc818b8b16b46e86f46-VFS-iphonesimulator/all-product-headers.yaml

WriteAuxiliaryFile /Users/azamatzakirov/Library/Developer/Xcode/DerivedData/AIQuizlet-feruqamoqnndwoanqdomntpuhyix/Build/Intermediates.noindex/AIQuizlet.build/Debug-iphonesimulator/AIQuizlet.build/AIQuizlet-own-target-headers.hmap (in target 'AIQuizlet' from project 'AIQuizlet')
    cd /Users/azamatzakirov/ITIS/MySwiftProjects/UniverWork/AIQuizlet
    write-file /Users/azamatzakirov/Library/Developer/Xcode/DerivedData/AIQuizlet-feruqamoqnndwoanqdomntpuhyix/Build/Intermediates.noindex/AIQuizlet.build/Debug-iphonesimulator/AIQuizlet.build/AIQuizlet-own-target-headers.hmap

WriteAuxiliaryFile /Users/azamatzakirov/Library/Developer/Xcode/DerivedData/AIQuizlet-feruqamoqnndwoanqdomntpuhyix/Build/Intermediates.noindex/AIQuizlet.build/Debug-iphonesimulator/AIQuizlet.build/AIQuizlet.hmap (in target 'AIQuizlet' from project 'AIQuizlet')
    cd /Users/azamatzakirov/ITIS/MySwiftProjects/UniverWork/AIQuizlet
    write-file /Users/azamatzakirov/Library/Developer/Xcode/DerivedData/AIQuizlet-feruqamoqnndwoanqdomntpuhyix/Build/Intermediates.noindex/AIQuizlet.build/Debug-iphonesimulator/AIQuizlet.build/AIQuizlet.hmap

WriteAuxiliaryFile /Users/azamatzakirov/Library/Developer/Xcode/DerivedData/AIQuizlet-feruqamoqnndwoanqdomntpuhyix/Build/Intermediates.noindex/AIQuizlet.build/Debug-iphonesimulator/AIQuizlet.build/AIQuizlet-project-headers.hmap (in target 'AIQuizlet' from project 'AIQuizlet')
    cd /Users/azamatzakirov/ITIS/MySwiftProjects/UniverWork/AIQuizlet
    write-file /Users/azamatzakirov/Library/Developer/Xcode/DerivedData/AIQuizlet-feruqamoqnndwoanqdomntpuhyix/Build/Intermediates.noindex/AIQuizlet.build/Debug-iphonesimulator/AIQuizlet.build/AIQuizlet-project-headers.hmap

WriteAuxiliaryFile /Users/azamatzakirov/Library/Developer/Xcode/DerivedData/AIQuizlet-feruqamoqnndwoanqdomntpuhyix/Build/Intermediates.noindex/AIQuizlet.build/Debug-iphonesimulator/AIQuizlet.build/Objects-normal/arm64/AIQuizlet.LinkFileList (in target 'AIQuizlet' from project 'AIQuizlet')
    cd /Users/azamatzakirov/ITIS/MySwiftProjects/UniverWork/AIQuizlet
    write-file /Users/azamatzakirov/Library/Developer/Xcode/DerivedData/AIQuizlet-feruqamoqnndwoanqdomntpuhyix/Build/Intermediates.noindex/AIQuizlet.build/Debug-iphonesimulator/AIQuizlet.build/Objects-normal/arm64/AIQuizlet.LinkFileList

WriteAuxiliaryFile /Users/azamatzakirov/Library/Developer/Xcode/DerivedData/AIQuizlet-feruqamoqnndwoanqdomntpuhyix/Build/Intermediates.noindex/AIQuizlet.build/Debug-iphonesimulator/AIQuizlet.build/Objects-normal/arm64/AIQuizlet-OutputFileMap.json (in target 'AIQuizlet' from project 'AIQuizlet')
    cd /Users/azamatzakirov/ITIS/MySwiftProjects/UniverWork/AIQuizlet
    write-file /Users/azamatzakirov/Library/Developer/Xcode/DerivedData/AIQuizlet-feruqamoqnndwoanqdomntpuhyix/Build/Intermediates.noindex/AIQuizlet.build/Debug-iphonesimulator/AIQuizlet.build/Objects-normal/arm64/AIQuizlet-OutputFileMap.json

WriteAuxiliaryFile /Users/azamatzakirov/Library/Developer/Xcode/DerivedData/AIQuizlet-feruqamoqnndwoanqdomntpuhyix/Build/Intermediates.noindex/AIQuizlet.build/Debug-iphonesimulator/AIQuizlet.build/Objects-normal/arm64/AIQuizlet_const_extract_protocols.json (in target 'AIQuizlet' from project 'AIQuizlet')
    cd /Users/azamatzakirov/ITIS/MySwiftProjects/UniverWork/AIQuizlet
    write-file /Users/azamatzakirov/Library/Developer/Xcode/DerivedData/AIQuizlet-feruqamoqnndwoanqdomntpuhyix/Build/Intermediates.noindex/AIQuizlet.build/Debug-iphonesimulator/AIQuizlet.build/Objects-normal/arm64/AIQuizlet_const_extract_protocols.json

WriteAuxiliaryFile /Users/azamatzakirov/Library/Developer/Xcode/DerivedData/AIQuizlet-feruqamoqnndwoanqdomntpuhyix/Build/Intermediates.noindex/AIQuizlet.build/Debug-iphonesimulator/AIQuizlet.build/Objects-normal/arm64/AIQuizlet.SwiftFileList (in target 'AIQuizlet' from project 'AIQuizlet')
    cd /Users/azamatzakirov/ITIS/MySwiftProjects/UniverWork/AIQuizlet
    write-file /Users/azamatzakirov/Library/Developer/Xcode/DerivedData/AIQuizlet-feruqamoqnndwoanqdomntpuhyix/Build/Intermediates.noindex/AIQuizlet.build/Debug-iphonesimulator/AIQuizlet.build/Objects-normal/arm64/AIQuizlet.SwiftFileList

WriteAuxiliaryFile /Users/azamatzakirov/Library/Developer/Xcode/DerivedData/AIQuizlet-feruqamoqnndwoanqdomntpuhyix/Build/Intermediates.noindex/AIQuizlet.build/Debug-iphonesimulator/AIQuizlet.build/DerivedSources/Entitlements-Simulated.plist (in target 'AIQuizlet' from project 'AIQuizlet')
    cd /Users/azamatzakirov/ITIS/MySwiftProjects/UniverWork/AIQuizlet
    write-file /Users/azamatzakirov/Library/Developer/Xcode/DerivedData/AIQuizlet-feruqamoqnndwoanqdomntpuhyix/Build/Intermediates.noindex/AIQuizlet.build/Debug-iphonesimulator/AIQuizlet.build/DerivedSources/Entitlements-Simulated.plist

WriteAuxiliaryFile /Users/azamatzakirov/Library/Developer/Xcode/DerivedData/AIQuizlet-feruqamoqnndwoanqdomntpuhyix/Build/Intermediates.noindex/AIQuizlet.build/Debug-iphonesimulator/AIQuizlet.build/Objects-normal/arm64/AIQuizlet.SwiftConstValuesFileList (in target 'AIQuizlet' from project 'AIQuizlet')
    cd /Users/azamatzakirov/ITIS/MySwiftProjects/UniverWork/AIQuizlet
    write-file /Users/azamatzakirov/Library/Developer/Xcode/DerivedData/AIQuizlet-feruqamoqnndwoanqdomntpuhyix/Build/Intermediates.noindex/AIQuizlet.build/Debug-iphonesimulator/AIQuizlet.build/Objects-normal/arm64/AIQuizlet.SwiftConstValuesFileList

WriteAuxiliaryFile /Users/azamatzakirov/Library/Developer/Xcode/DerivedData/AIQuizlet-feruqamoqnndwoanqdomntpuhyix/Build/Intermediates.noindex/AIQuizlet.build/Debug-iphonesimulator/AIQuizlet.build/AIQuizlet.DependencyStaticMetadataFileList (in target 'AIQuizlet' from project 'AIQuizlet')
    cd /Users/azamatzakirov/ITIS/MySwiftProjects/UniverWork/AIQuizlet
    write-file /Users/azamatzakirov/Library/Developer/Xcode/DerivedData/AIQuizlet-feruqamoqnndwoanqdomntpuhyix/Build/Intermediates.noindex/AIQuizlet.build/Debug-iphonesimulator/AIQuizlet.build/AIQuizlet.DependencyStaticMetadataFileList

WriteAuxiliaryFile /Users/azamatzakirov/Library/Developer/Xcode/DerivedData/AIQuizlet-feruqamoqnndwoanqdomntpuhyix/Build/Intermediates.noindex/AIQuizlet.build/Debug-iphonesimulator/AIQuizlet.build/AIQuizlet.DependencyMetadataFileList (in target 'AIQuizlet' from project 'AIQuizlet')
    cd /Users/azamatzakirov/ITIS/MySwiftProjects/UniverWork/AIQuizlet
    write-file /Users/azamatzakirov/Library/Developer/Xcode/DerivedData/AIQuizlet-feruqamoqnndwoanqdomntpuhyix/Build/Intermediates.noindex/AIQuizlet.build/Debug-iphonesimulator/AIQuizlet.build/AIQuizlet.DependencyMetadataFileList

WriteAuxiliaryFile /Users/azamatzakirov/Library/Developer/Xcode/DerivedData/AIQuizlet-feruqamoqnndwoanqdomntpuhyix/Build/Intermediates.noindex/AIQuizlet.build/Debug-iphonesimulator/AIQuizlet.build/AIQuizlet-generated-files.hmap (in target 'AIQuizlet' from project 'AIQuizlet')
    cd /Users/azamatzakirov/ITIS/MySwiftProjects/UniverWork/AIQuizlet
    write-file /Users/azamatzakirov/Library/Developer/Xcode/DerivedData/AIQuizlet-feruqamoqnndwoanqdomntpuhyix/Build/Intermediates.noindex/AIQuizlet.build/Debug-iphonesimulator/AIQuizlet.build/AIQuizlet-generated-files.hmap

WriteAuxiliaryFile /Users/azamatzakirov/Library/Developer/Xcode/DerivedData/AIQuizlet-feruqamoqnndwoanqdomntpuhyix/Build/Intermediates.noindex/AIQuizlet.build/Debug-iphonesimulator/AIQuizlet.build/AIQuizlet-all-target-headers.hmap (in target 'AIQuizlet' from project 'AIQuizlet')
    cd /Users/azamatzakirov/ITIS/MySwiftProjects/UniverWork/AIQuizlet
    write-file /Users/azamatzakirov/Library/Developer/Xcode/DerivedData/AIQuizlet-feruqamoqnndwoanqdomntpuhyix/Build/Intermediates.noindex/AIQuizlet.build/Debug-iphonesimulator/AIQuizlet.build/AIQuizlet-all-target-headers.hmap

WriteAuxiliaryFile /Users/azamatzakirov/Library/Developer/Xcode/DerivedData/AIQuizlet-feruqamoqnndwoanqdomntpuhyix/Build/Intermediates.noindex/AIQuizlet.build/Debug-iphonesimulator/AIQuizlet.build/AIQuizlet-all-non-framework-target-headers.hmap (in target 'AIQuizlet' from project 'AIQuizlet')
    cd /Users/azamatzakirov/ITIS/MySwiftProjects/UniverWork/AIQuizlet
    write-file /Users/azamatzakirov/Library/Developer/Xcode/DerivedData/AIQuizlet-feruqamoqnndwoanqdomntpuhyix/Build/Intermediates.noindex/AIQuizlet.build/Debug-iphonesimulator/AIQuizlet.build/AIQuizlet-all-non-framework-target-headers.hmap

WriteAuxiliaryFile /Users/azamatzakirov/Library/Developer/Xcode/DerivedData/AIQuizlet-feruqamoqnndwoanqdomntpuhyix/Build/Intermediates.noindex/AIQuizlet.build/Debug-iphonesimulator/AIQuizlet.build/AIQuizlet-DebugDylibPath-normal-arm64.txt (in target 'AIQuizlet' from project 'AIQuizlet')
    cd /Users/azamatzakirov/ITIS/MySwiftProjects/UniverWork/AIQuizlet
    write-file /Users/azamatzakirov/Library/Developer/Xcode/DerivedData/AIQuizlet-feruqamoqnndwoanqdomntpuhyix/Build/Intermediates.noindex/AIQuizlet.build/Debug-iphonesimulator/AIQuizlet.build/AIQuizlet-DebugDylibPath-normal-arm64.txt

WriteAuxiliaryFile /Users/azamatzakirov/Library/Developer/Xcode/DerivedData/AIQuizlet-feruqamoqnndwoanqdomntpuhyix/Build/Intermediates.noindex/AIQuizlet.build/Debug-iphonesimulator/AIQuizlet.build/AIQuizlet-DebugDylibInstallName-normal-arm64.txt (in target 'AIQuizlet' from project 'AIQuizlet')
    cd /Users/azamatzakirov/ITIS/MySwiftProjects/UniverWork/AIQuizlet
    write-file /Users/azamatzakirov/Library/Developer/Xcode/DerivedData/AIQuizlet-feruqamoqnndwoanqdomntpuhyix/Build/Intermediates.noindex/AIQuizlet.build/Debug-iphonesimulator/AIQuizlet.build/AIQuizlet-DebugDylibInstallName-normal-arm64.txt

MkDir /Users/azamatzakirov/Library/Developer/Xcode/DerivedData/AIQuizlet-feruqamoqnndwoanqdomntpuhyix/Build/Products/Debug-iphonesimulator/AIQuizlet.app (in target 'AIQuizlet' from project 'AIQuizlet')
    cd /Users/azamatzakirov/ITIS/MySwiftProjects/UniverWork/AIQuizlet
    /bin/mkdir -p /Users/azamatzakirov/Library/Developer/Xcode/DerivedData/AIQuizlet-feruqamoqnndwoanqdomntpuhyix/Build/Products/Debug-iphonesimulator/AIQuizlet.app

ProcessProductPackaging "" /Users/azamatzakirov/Library/Developer/Xcode/DerivedData/AIQuizlet-feruqamoqnndwoanqdomntpuhyix/Build/Intermediates.noindex/AIQuizlet.build/Debug-iphonesimulator/AIQuizlet.build/AIQuizlet.app-Simulated.xcent (in target 'AIQuizlet' from project 'AIQuizlet')
    cd /Users/azamatzakirov/ITIS/MySwiftProjects/UniverWork/AIQuizlet
    
    Entitlements:
    
    {
    "application-identifier" = "7J752S5X97.com.azamat.AIQuizlet";
}
    
    builtin-productPackagingUtility -entitlements -format xml -o /Users/azamatzakirov/Library/Developer/Xcode/DerivedData/AIQuizlet-feruqamoqnndwoanqdomntpuhyix/Build/Intermediates.noindex/AIQuizlet.build/Debug-iphonesimulator/AIQuizlet.build/AIQuizlet.app-Simulated.xcent

ProcessProductPackagingDER /Users/azamatzakirov/Library/Developer/Xcode/DerivedData/AIQuizlet-feruqamoqnndwoanqdomntpuhyix/Build/Intermediates.noindex/AIQuizlet.build/Debug-iphonesimulator/AIQuizlet.build/AIQuizlet.app-Simulated.xcent /Users/azamatzakirov/Library/Developer/Xcode/DerivedData/AIQuizlet-feruqamoqnndwoanqdomntpuhyix/Build/Intermediates.noindex/AIQuizlet.build/Debug-iphonesimulator/AIQuizlet.build/AIQuizlet.app-Simulated.xcent.der (in target 'AIQuizlet' from project 'AIQuizlet')
    cd /Users/azamatzakirov/ITIS/MySwiftProjects/UniverWork/AIQuizlet
    /usr/bin/derq query -f xml -i /Users/azamatzakirov/Library/Developer/Xcode/DerivedData/AIQuizlet-feruqamoqnndwoanqdomntpuhyix/Build/Intermediates.noindex/AIQuizlet.build/Debug-iphonesimulator/AIQuizlet.build/AIQuizlet.app-Simulated.xcent -o /Users/azamatzakirov/Library/Developer/Xcode/DerivedData/AIQuizlet-feruqamoqnndwoanqdomntpuhyix/Build/Intermediates.noindex/AIQuizlet.build/Debug-iphonesimulator/AIQuizlet.build/AIQuizlet.app-Simulated.xcent.der --raw

Ld /Users/azamatzakirov/Library/Developer/Xcode/DerivedData/AIQuizlet-feruqamoqnndwoanqdomntpuhyix/Build/Products/Debug-iphonesimulator/AIQuizlet.app/__preview.dylib normal (in target 'AIQuizlet' from project 'AIQuizlet')
    cd /Users/azamatzakirov/ITIS/MySwiftProjects/UniverWork/AIQuizlet
    /Applications/Xcode.app/Contents/Developer/Toolchains/XcodeDefault.xctoolchain/usr/bin/clang -Xlinker -reproducible -target arm64-apple-ios26.2-simulator -dynamiclib -isysroot /Applications/Xcode.app/Contents/Developer/Platforms/iPhoneSimulator.platform/Developer/SDKs/iPhoneSimulator26.2.sdk -O0 -L/Users/azamatzakirov/Library/Developer/Xcode/DerivedData/AIQuizlet-feruqamoqnndwoanqdomntpuhyix/Build/Products/Debug-iphonesimulator -F/Users/azamatzakirov/Library/Developer/Xcode/DerivedData/AIQuizlet-feruqamoqnndwoanqdomntpuhyix/Build/Products/Debug-iphonesimulator -install_name @rpath/AIQuizlet.debug.dylib -dead_strip -rdynamic -Xlinker -no_deduplicate -Xlinker -objc_abi_version -Xlinker 2 -Xlinker -dependency_info -Xlinker /Users/azamatzakirov/Library/Developer/Xcode/DerivedData/AIQuizlet-feruqamoqnndwoanqdomntpuhyix/Build/Intermediates.noindex/AIQuizlet.build/Debug-iphonesimulator/AIQuizlet.build/Objects-normal/arm64/AIQuizlet_dependency_info.dat -Xlinker -sectcreate -Xlinker __TEXT -Xlinker __entitlements -Xlinker /Users/azamatzakirov/Library/Developer/Xcode/DerivedData/AIQuizlet-feruqamoqnndwoanqdomntpuhyix/Build/Intermediates.noindex/AIQuizlet.build/Debug-iphonesimulator/AIQuizlet.build/AIQuizlet.app-Simulated.xcent -Xlinker -sectcreate -Xlinker __TEXT -Xlinker __ents_der -Xlinker /Users/azamatzakirov/Library/Developer/Xcode/DerivedData/AIQuizlet-feruqamoqnndwoanqdomntpuhyix/Build/Intermediates.noindex/AIQuizlet.build/Debug-iphonesimulator/AIQuizlet.build/AIQuizlet.app-Simulated.xcent.der -Xlinker -no_adhoc_codesign -o /Users/azamatzakirov/Library/Developer/Xcode/DerivedData/AIQuizlet-feruqamoqnndwoanqdomntpuhyix/Build/Products/Debug-iphonesimulator/AIQuizlet.app/__preview.dylib

MkDir /Users/azamatzakirov/Library/Developer/Xcode/DerivedData/AIQuizlet-feruqamoqnndwoanqdomntpuhyix/Build/Intermediates.noindex/AIQuizlet.build/Debug-iphonesimulator/AIQuizlet.build/assetcatalog_output/thinned (in target 'AIQuizlet' from project 'AIQuizlet')
    cd /Users/azamatzakirov/ITIS/MySwiftProjects/UniverWork/AIQuizlet
    /bin/mkdir -p /Users/azamatzakirov/Library/Developer/Xcode/DerivedData/AIQuizlet-feruqamoqnndwoanqdomntpuhyix/Build/Intermediates.noindex/AIQuizlet.build/Debug-iphonesimulator/AIQuizlet.build/assetcatalog_output/thinned

GenerateAssetSymbols /Users/azamatzakirov/ITIS/MySwiftProjects/UniverWork/AIQuizlet/AIQuizlet/Assets.xcassets (in target 'AIQuizlet' from project 'AIQuizlet')
    cd /Users/azamatzakirov/ITIS/MySwiftProjects/UniverWork/AIQuizlet
    /Applications/Xcode.app/Contents/Developer/usr/bin/actool /Users/azamatzakirov/ITIS/MySwiftProjects/UniverWork/AIQuizlet/AIQuizlet/Assets.xcassets --compile /Users/azamatzakirov/Library/Developer/Xcode/DerivedData/AIQuizlet-feruqamoqnndwoanqdomntpuhyix/Build/Products/Debug-iphonesimulator/AIQuizlet.app --output-format human-readable-text --notices --warnings --export-dependency-info /Users/azamatzakirov/Library/Developer/Xcode/DerivedData/AIQuizlet-feruqamoqnndwoanqdomntpuhyix/Build/Intermediates.noindex/AIQuizlet.build/Debug-iphonesimulator/AIQuizlet.build/assetcatalog_dependencies --output-partial-info-plist /Users/azamatzakirov/Library/Developer/Xcode/DerivedData/AIQuizlet-feruqamoqnndwoanqdomntpuhyix/Build/Intermediates.noindex/AIQuizlet.build/Debug-iphonesimulator/AIQuizlet.build/assetcatalog_generated_info.plist --app-icon AppIcon --accent-color AccentColor --compress-pngs --enable-on-demand-resources YES --development-region en --target-device iphone --target-device ipad --minimum-deployment-target 26.2 --platform iphonesimulator --bundle-identifier com.azamat.AIQuizlet --generate-swift-asset-symbol-extensions NO --generate-swift-asset-symbols /Users/azamatzakirov/Library/Developer/Xcode/DerivedData/AIQuizlet-feruqamoqnndwoanqdomntpuhyix/Build/Intermediates.noindex/AIQuizlet.build/Debug-iphonesimulator/AIQuizlet.build/DerivedSources/GeneratedAssetSymbols.swift --generate-objc-asset-symbols /Users/azamatzakirov/Library/Developer/Xcode/DerivedData/AIQuizlet-feruqamoqnndwoanqdomntpuhyix/Build/Intermediates.noindex/AIQuizlet.build/Debug-iphonesimulator/AIQuizlet.build/DerivedSources/GeneratedAssetSymbols.h --generate-asset-symbol-index /Users/azamatzakirov/Library/Developer/Xcode/DerivedData/AIQuizlet-feruqamoqnndwoanqdomntpuhyix/Build/Intermediates.noindex/AIQuizlet.build/Debug-iphonesimulator/AIQuizlet.build/DerivedSources/GeneratedAssetSymbols-Index.plist
/* com.apple.actool.compilation-results */
/Users/azamatzakirov/Library/Developer/Xcode/DerivedData/AIQuizlet-feruqamoqnndwoanqdomntpuhyix/Build/Intermediates.noindex/AIQuizlet.build/Debug-iphonesimulator/AIQuizlet.build/DerivedSources/GeneratedAssetSymbols-Index.plist
/Users/azamatzakirov/Library/Developer/Xcode/DerivedData/AIQuizlet-feruqamoqnndwoanqdomntpuhyix/Build/Intermediates.noindex/AIQuizlet.build/Debug-iphonesimulator/AIQuizlet.build/DerivedSources/GeneratedAssetSymbols.h
/Users/azamatzakirov/Library/Developer/Xcode/DerivedData/AIQuizlet-feruqamoqnndwoanqdomntpuhyix/Build/Intermediates.noindex/AIQuizlet.build/Debug-iphonesimulator/AIQuizlet.build/DerivedSources/GeneratedAssetSymbols.swift


MkDir /Users/azamatzakirov/Library/Developer/Xcode/DerivedData/AIQuizlet-feruqamoqnndwoanqdomntpuhyix/Build/Intermediates.noindex/AIQuizlet.build/Debug-iphonesimulator/AIQuizlet.build/assetcatalog_output/unthinned (in target 'AIQuizlet' from project 'AIQuizlet')
    cd /Users/azamatzakirov/ITIS/MySwiftProjects/UniverWork/AIQuizlet
    /bin/mkdir -p /Users/azamatzakirov/Library/Developer/Xcode/DerivedData/AIQuizlet-feruqamoqnndwoanqdomntpuhyix/Build/Intermediates.noindex/AIQuizlet.build/Debug-iphonesimulator/AIQuizlet.build/assetcatalog_output/unthinned

CompileAssetCatalogVariant thinned /Users/azamatzakirov/Library/Developer/Xcode/DerivedData/AIQuizlet-feruqamoqnndwoanqdomntpuhyix/Build/Products/Debug-iphonesimulator/AIQuizlet.app /Users/azamatzakirov/ITIS/MySwiftProjects/UniverWork/AIQuizlet/AIQuizlet/Assets.xcassets (in target 'AIQuizlet' from project 'AIQuizlet')
    cd /Users/azamatzakirov/ITIS/MySwiftProjects/UniverWork/AIQuizlet
    /Applications/Xcode.app/Contents/Developer/usr/bin/actool /Users/azamatzakirov/ITIS/MySwiftProjects/UniverWork/AIQuizlet/AIQuizlet/Assets.xcassets --compile /Users/azamatzakirov/Library/Developer/Xcode/DerivedData/AIQuizlet-feruqamoqnndwoanqdomntpuhyix/Build/Intermediates.noindex/AIQuizlet.build/Debug-iphonesimulator/AIQuizlet.build/assetcatalog_output/thinned --output-format human-readable-text --notices --warnings --export-dependency-info /Users/azamatzakirov/Library/Developer/Xcode/DerivedData/AIQuizlet-feruqamoqnndwoanqdomntpuhyix/Build/Intermediates.noindex/AIQuizlet.build/Debug-iphonesimulator/AIQuizlet.build/assetcatalog_dependencies_thinned --output-partial-info-plist /Users/azamatzakirov/Library/Developer/Xcode/DerivedData/AIQuizlet-feruqamoqnndwoanqdomntpuhyix/Build/Intermediates.noindex/AIQuizlet.build/Debug-iphonesimulator/AIQuizlet.build/assetcatalog_generated_info.plist_thinned --app-icon AppIcon --accent-color AccentColor --compress-pngs --enable-on-demand-resources YES --filter-for-thinning-device-configuration iPad15,3 --filter-for-device-os-version 26.2 --development-region en --target-device iphone --target-device ipad --minimum-deployment-target 26.2 --platform iphonesimulator
/* com.apple.actool.compilation-results */
/Users/azamatzakirov/Library/Developer/Xcode/DerivedData/AIQuizlet-feruqamoqnndwoanqdomntpuhyix/Build/Intermediates.noindex/AIQuizlet.build/Debug-iphonesimulator/AIQuizlet.build/assetcatalog_generated_info.plist_thinned


LinkAssetCatalog /Users/azamatzakirov/ITIS/MySwiftProjects/UniverWork/AIQuizlet/AIQuizlet/Assets.xcassets (in target 'AIQuizlet' from project 'AIQuizlet')
    cd /Users/azamatzakirov/ITIS/MySwiftProjects/UniverWork/AIQuizlet
    builtin-linkAssetCatalog --thinned /Users/azamatzakirov/Library/Developer/Xcode/DerivedData/AIQuizlet-feruqamoqnndwoanqdomntpuhyix/Build/Intermediates.noindex/AIQuizlet.build/Debug-iphonesimulator/AIQuizlet.build/assetcatalog_output/thinned --thinned-dependencies /Users/azamatzakirov/Library/Developer/Xcode/DerivedData/AIQuizlet-feruqamoqnndwoanqdomntpuhyix/Build/Intermediates.noindex/AIQuizlet.build/Debug-iphonesimulator/AIQuizlet.build/assetcatalog_dependencies_thinned --thinned-info-plist-content /Users/azamatzakirov/Library/Developer/Xcode/DerivedData/AIQuizlet-feruqamoqnndwoanqdomntpuhyix/Build/Intermediates.noindex/AIQuizlet.build/Debug-iphonesimulator/AIQuizlet.build/assetcatalog_generated_info.plist_thinned --unthinned /Users/azamatzakirov/Library/Developer/Xcode/DerivedData/AIQuizlet-feruqamoqnndwoanqdomntpuhyix/Build/Intermediates.noindex/AIQuizlet.build/Debug-iphonesimulator/AIQuizlet.build/assetcatalog_output/unthinned --unthinned-dependencies /Users/azamatzakirov/Library/Developer/Xcode/DerivedData/AIQuizlet-feruqamoqnndwoanqdomntpuhyix/Build/Intermediates.noindex/AIQuizlet.build/Debug-iphonesimulator/AIQuizlet.build/assetcatalog_dependencies_unthinned --unthinned-info-plist-content /Users/azamatzakirov/Library/Developer/Xcode/DerivedData/AIQuizlet-feruqamoqnndwoanqdomntpuhyix/Build/Intermediates.noindex/AIQuizlet.build/Debug-iphonesimulator/AIQuizlet.build/assetcatalog_generated_info.plist_unthinned --output /Users/azamatzakirov/Library/Developer/Xcode/DerivedData/AIQuizlet-feruqamoqnndwoanqdomntpuhyix/Build/Products/Debug-iphonesimulator/AIQuizlet.app --plist-output /Users/azamatzakirov/Library/Developer/Xcode/DerivedData/AIQuizlet-feruqamoqnndwoanqdomntpuhyix/Build/Intermediates.noindex/AIQuizlet.build/Debug-iphonesimulator/AIQuizlet.build/assetcatalog_generated_info.plist

ProcessInfoPlistFile /Users/azamatzakirov/Library/Developer/Xcode/DerivedData/AIQuizlet-feruqamoqnndwoanqdomntpuhyix/Build/Products/Debug-iphonesimulator/AIQuizlet.app/Info.plist /Users/azamatzakirov/ITIS/MySwiftProjects/UniverWork/AIQuizlet/Derived/InfoPlists/AIQuizlet-Info.plist (in target 'AIQuizlet' from project 'AIQuizlet')
    cd /Users/azamatzakirov/ITIS/MySwiftProjects/UniverWork/AIQuizlet
    builtin-infoPlistUtility /Users/azamatzakirov/ITIS/MySwiftProjects/UniverWork/AIQuizlet/Derived/InfoPlists/AIQuizlet-Info.plist -producttype com.apple.product-type.application -genpkginfo /Users/azamatzakirov/Library/Developer/Xcode/DerivedData/AIQuizlet-feruqamoqnndwoanqdomntpuhyix/Build/Products/Debug-iphonesimulator/AIQuizlet.app/PkgInfo -expandbuildsettings -format binary -platform iphonesimulator -additionalcontentfile /Users/azamatzakirov/Library/Developer/Xcode/DerivedData/AIQuizlet-feruqamoqnndwoanqdomntpuhyix/Build/Intermediates.noindex/AIQuizlet.build/Debug-iphonesimulator/AIQuizlet.build/assetcatalog_generated_info.plist -o /Users/azamatzakirov/Library/Developer/Xcode/DerivedData/AIQuizlet-feruqamoqnndwoanqdomntpuhyix/Build/Products/Debug-iphonesimulator/AIQuizlet.app/Info.plist

SwiftDriver AIQuizlet normal arm64 com.apple.xcode.tools.swift.compiler (in target 'AIQuizlet' from project 'AIQuizlet')
    cd /Users/azamatzakirov/ITIS/MySwiftProjects/UniverWork/AIQuizlet
    builtin-SwiftDriver -- /Applications/Xcode.app/Contents/Developer/Toolchains/XcodeDefault.xctoolchain/usr/bin/swiftc -module-name AIQuizlet -Onone -enforce-exclusivity\=checked @/Users/azamatzakirov/Library/Developer/Xcode/DerivedData/AIQuizlet-feruqamoqnndwoanqdomntpuhyix/Build/Intermediates.noindex/AIQuizlet.build/Debug-iphonesimulator/AIQuizlet.build/Objects-normal/arm64/AIQuizlet.SwiftFileList -DDEBUG -enable-bare-slash-regex -enable-experimental-feature DebugDescriptionMacro -sdk /Applications/Xcode.app/Contents/Developer/Platforms/iPhoneSimulator.platform/Developer/SDKs/iPhoneSimulator26.2.sdk -target arm64-apple-ios26.2-simulator -g -module-cache-path /Users/azamatzakirov/Library/Developer/Xcode/DerivedData/ModuleCache.noindex -Xfrontend -serialize-debugging-options -enable-testing -index-store-path /Users/azamatzakirov/Library/Developer/Xcode/DerivedData/AIQuizlet-feruqamoqnndwoanqdomntpuhyix/Index.noindex/DataStore -Xcc -D_LIBCPP_HARDENING_MODE\=_LIBCPP_HARDENING_MODE_DEBUG -swift-version 5 -I /Users/azamatzakirov/Library/Developer/Xcode/DerivedData/AIQuizlet-feruqamoqnndwoanqdomntpuhyix/Build/Products/Debug-iphonesimulator -F /Users/azamatzakirov/Library/Developer/Xcode/DerivedData/AIQuizlet-feruqamoqnndwoanqdomntpuhyix/Build/Products/Debug-iphonesimulator -c -j10 -enable-batch-mode -incremental -Xcc -ivfsstatcache -Xcc /Users/azamatzakirov/Library/Developer/Xcode/DerivedData/SDKStatCaches.noindex/iphonesimulator26.2-23C53-7d00a8b37fbd7999ea79df8ebc024bf0.sdkstatcache -output-file-map /Users/azamatzakirov/Library/Developer/Xcode/DerivedData/AIQuizlet-feruqamoqnndwoanqdomntpuhyix/Build/Intermediates.noindex/AIQuizlet.build/Debug-iphonesimulator/AIQuizlet.build/Objects-normal/arm64/AIQuizlet-OutputFileMap.json -use-frontend-parseable-output -save-temps -no-color-diagnostics -explicit-module-build -module-cache-path /Users/azamatzakirov/Library/Developer/Xcode/DerivedData/AIQuizlet-feruqamoqnndwoanqdomntpuhyix/Build/Intermediates.noindex/SwiftExplicitPrecompiledModules -clang-scanner-module-cache-path /Users/azamatzakirov/Library/Developer/Xcode/DerivedData/ModuleCache.noindex -sdk-module-cache-path /Users/azamatzakirov/Library/Developer/Xcode/DerivedData/ModuleCache.noindex -serialize-diagnostics -emit-dependencies -emit-module -emit-module-path /Users/azamatzakirov/Library/Developer/Xcode/DerivedData/AIQuizlet-feruqamoqnndwoanqdomntpuhyix/Build/Intermediates.noindex/AIQuizlet.build/Debug-iphonesimulator/AIQuizlet.build/Objects-normal/arm64/AIQuizlet.swiftmodule -validate-clang-modules-once -clang-build-session-file /Users/azamatzakirov/Library/Developer/Xcode/DerivedData/ModuleCache.noindex/Session.modulevalidation -Xcc -I/Users/azamatzakirov/Library/Developer/Xcode/DerivedData/AIQuizlet-feruqamoqnndwoanqdomntpuhyix/Build/Intermediates.noindex/AIQuizlet.build/Debug-iphonesimulator/AIQuizlet.build/swift-overrides.hmap -emit-const-values -Xfrontend -const-gather-protocols-file -Xfrontend /Users/azamatzakirov/Library/Developer/Xcode/DerivedData/AIQuizlet-feruqamoqnndwoanqdomntpuhyix/Build/Intermediates.noindex/AIQuizlet.build/Debug-iphonesimulator/AIQuizlet.build/Objects-normal/arm64/AIQuizlet_const_extract_protocols.json -Xcc -iquote -Xcc /Users/azamatzakirov/Library/Developer/Xcode/DerivedData/AIQuizlet-feruqamoqnndwoanqdomntpuhyix/Build/Intermediates.noindex/AIQuizlet.build/Debug-iphonesimulator/AIQuizlet.build/AIQuizlet-generated-files.hmap -Xcc -I/Users/azamatzakirov/Library/Developer/Xcode/DerivedData/AIQuizlet-feruqamoqnndwoanqdomntpuhyix/Build/Intermediates.noindex/AIQuizlet.build/Debug-iphonesimulator/AIQuizlet.build/AIQuizlet-own-target-headers.hmap -Xcc -I/Users/azamatzakirov/Library/Developer/Xcode/DerivedData/AIQuizlet-feruqamoqnndwoanqdomntpuhyix/Build/Intermediates.noindex/AIQuizlet.build/Debug-iphonesimulator/AIQuizlet.build/AIQuizlet-all-target-headers.hmap -Xcc -iquote -Xcc /Users/azamatzakirov/Library/Developer/Xcode/DerivedData/AIQuizlet-feruqamoqnndwoanqdomntpuhyix/Build/Intermediates.noindex/AIQuizlet.build/Debug-iphonesimulator/AIQuizlet.build/AIQuizlet-project-headers.hmap -Xcc -I/Users/azamatzakirov/Library/Developer/Xcode/DerivedData/AIQuizlet-feruqamoqnndwoanqdomntpuhyix/Build/Products/Debug-iphonesimulator/include -Xcc -I/Users/azamatzakirov/Library/Developer/Xcode/DerivedData/AIQuizlet-feruqamoqnndwoanqdomntpuhyix/Build/Intermediates.noindex/AIQuizlet.build/Debug-iphonesimulator/AIQuizlet.build/DerivedSources-normal/arm64 -Xcc -I/Users/azamatzakirov/Library/Developer/Xcode/DerivedData/AIQuizlet-feruqamoqnndwoanqdomntpuhyix/Build/Intermediates.noindex/AIQuizlet.build/Debug-iphonesimulator/AIQuizlet.build/DerivedSources/arm64 -Xcc -I/Users/azamatzakirov/Library/Developer/Xcode/DerivedData/AIQuizlet-feruqamoqnndwoanqdomntpuhyix/Build/Intermediates.noindex/AIQuizlet.build/Debug-iphonesimulator/AIQuizlet.build/DerivedSources -Xcc -DDEBUG\=1 -emit-objc-header -emit-objc-header-path /Users/azamatzakirov/Library/Developer/Xcode/DerivedData/AIQuizlet-feruqamoqnndwoanqdomntpuhyix/Build/Intermediates.noindex/AIQuizlet.build/Debug-iphonesimulator/AIQuizlet.build/Objects-normal/arm64/AIQuizlet-Swift.h -working-directory /Users/azamatzakirov/ITIS/MySwiftProjects/UniverWork/AIQuizlet -experimental-emit-module-separately -disable-cmo

SwiftEmitModule normal arm64 Emitting\ module\ for\ AIQuizlet (in target 'AIQuizlet' from project 'AIQuizlet')

EmitSwiftModule normal arm64 (in target 'AIQuizlet' from project 'AIQuizlet')
    cd /Users/azamatzakirov/ITIS/MySwiftProjects/UniverWork/AIQuizlet
    

SwiftCompile normal arm64 Compiling\ AppDelegate.swift /Users/azamatzakirov/ITIS/MySwiftProjects/UniverWork/AIQuizlet/AIQuizlet/AppDelegate.swift (in target 'AIQuizlet' from project 'AIQuizlet')
SwiftCompile normal arm64 /Users/azamatzakirov/ITIS/MySwiftProjects/UniverWork/AIQuizlet/AIQuizlet/AppDelegate.swift (in target 'AIQuizlet' from project 'AIQuizlet')
    cd /Users/azamatzakirov/ITIS/MySwiftProjects/UniverWork/AIQuizlet
    

SwiftCompile normal arm64 Compiling\ ViewController.swift /Users/azamatzakirov/ITIS/MySwiftProjects/UniverWork/AIQuizlet/AIQuizlet/ViewController.swift (in target 'AIQuizlet' from project 'AIQuizlet')

SwiftCompile normal arm64 /Users/azamatzakirov/ITIS/MySwiftProjects/UniverWork/AIQuizlet/AIQuizlet/ViewController.swift (in target 'AIQuizlet' from project 'AIQuizlet')
    cd /Users/azamatzakirov/ITIS/MySwiftProjects/UniverWork/AIQuizlet
    

SwiftCompile normal arm64 Compiling\ GeneratedAssetSymbols.swift /Users/azamatzakirov/Library/Developer/Xcode/DerivedData/AIQuizlet-feruqamoqnndwoanqdomntpuhyix/Build/Intermediates.noindex/AIQuizlet.build/Debug-iphonesimulator/AIQuizlet.build/DerivedSources/GeneratedAssetSymbols.swift (in target 'AIQuizlet' from project 'AIQuizlet')

SwiftCompile normal arm64 /Users/azamatzakirov/Library/Developer/Xcode/DerivedData/AIQuizlet-feruqamoqnndwoanqdomntpuhyix/Build/Intermediates.noindex/AIQuizlet.build/Debug-iphonesimulator/AIQuizlet.build/DerivedSources/GeneratedAssetSymbols.swift (in target 'AIQuizlet' from project 'AIQuizlet')
    cd /Users/azamatzakirov/ITIS/MySwiftProjects/UniverWork/AIQuizlet
    

SwiftCompile normal arm64 Compiling\ SceneDelegate.swift /Users/azamatzakirov/ITIS/MySwiftProjects/UniverWork/AIQuizlet/AIQuizlet/SceneDelegate.swift (in target 'AIQuizlet' from project 'AIQuizlet')

SwiftCompile normal arm64 /Users/azamatzakirov/ITIS/MySwiftProjects/UniverWork/AIQuizlet/AIQuizlet/SceneDelegate.swift (in target 'AIQuizlet' from project 'AIQuizlet')
    cd /Users/azamatzakirov/ITIS/MySwiftProjects/UniverWork/AIQuizlet
    

SwiftDriverJobDiscovery normal arm64 Emitting module for AIQuizlet (in target 'AIQuizlet' from project 'AIQuizlet')

SwiftDriver\ Compilation\ Requirements AIQuizlet normal arm64 com.apple.xcode.tools.swift.compiler (in target 'AIQuizlet' from project 'AIQuizlet')
    cd /Users/azamatzakirov/ITIS/MySwiftProjects/UniverWork/AIQuizlet
    builtin-Swift-Compilation-Requirements -- /Applications/Xcode.app/Contents/Developer/Toolchains/XcodeDefault.xctoolchain/usr/bin/swiftc -module-name AIQuizlet -Onone -enforce-exclusivity\=checked @/Users/azamatzakirov/Library/Developer/Xcode/DerivedData/AIQuizlet-feruqamoqnndwoanqdomntpuhyix/Build/Intermediates.noindex/AIQuizlet.build/Debug-iphonesimulator/AIQuizlet.build/Objects-normal/arm64/AIQuizlet.SwiftFileList -DDEBUG -enable-bare-slash-regex -enable-experimental-feature DebugDescriptionMacro -sdk /Applications/Xcode.app/Contents/Developer/Platforms/iPhoneSimulator.platform/Developer/SDKs/iPhoneSimulator26.2.sdk -target arm64-apple-ios26.2-simulator -g -module-cache-path /Users/azamatzakirov/Library/Developer/Xcode/DerivedData/ModuleCache.noindex -Xfrontend -serialize-debugging-options -enable-testing -index-store-path /Users/azamatzakirov/Library/Developer/Xcode/DerivedData/AIQuizlet-feruqamoqnndwoanqdomntpuhyix/Index.noindex/DataStore -Xcc -D_LIBCPP_HARDENING_MODE\=_LIBCPP_HARDENING_MODE_DEBUG -swift-version 5 -I /Users/azamatzakirov/Library/Developer/Xcode/DerivedData/AIQuizlet-feruqamoqnndwoanqdomntpuhyix/Build/Products/Debug-iphonesimulator -F /Users/azamatzakirov/Library/Developer/Xcode/DerivedData/AIQuizlet-feruqamoqnndwoanqdomntpuhyix/Build/Products/Debug-iphonesimulator -c -j10 -enable-batch-mode -incremental -Xcc -ivfsstatcache -Xcc /Users/azamatzakirov/Library/Developer/Xcode/DerivedData/SDKStatCaches.noindex/iphonesimulator26.2-23C53-7d00a8b37fbd7999ea79df8ebc024bf0.sdkstatcache -output-file-map /Users/azamatzakirov/Library/Developer/Xcode/DerivedData/AIQuizlet-feruqamoqnndwoanqdomntpuhyix/Build/Intermediates.noindex/AIQuizlet.build/Debug-iphonesimulator/AIQuizlet.build/Objects-normal/arm64/AIQuizlet-OutputFileMap.json -use-frontend-parseable-output -save-temps -no-color-diagnostics -explicit-module-build -module-cache-path /Users/azamatzakirov/Library/Developer/Xcode/DerivedData/AIQuizlet-feruqamoqnndwoanqdomntpuhyix/Build/Intermediates.noindex/SwiftExplicitPrecompiledModules -clang-scanner-module-cache-path /Users/azamatzakirov/Library/Developer/Xcode/DerivedData/ModuleCache.noindex -sdk-module-cache-path /Users/azamatzakirov/Library/Developer/Xcode/DerivedData/ModuleCache.noindex -serialize-diagnostics -emit-dependencies -emit-module -emit-module-path /Users/azamatzakirov/Library/Developer/Xcode/DerivedData/AIQuizlet-feruqamoqnndwoanqdomntpuhyix/Build/Intermediates.noindex/AIQuizlet.build/Debug-iphonesimulator/AIQuizlet.build/Objects-normal/arm64/AIQuizlet.swiftmodule -validate-clang-modules-once -clang-build-session-file /Users/azamatzakirov/Library/Developer/Xcode/DerivedData/ModuleCache.noindex/Session.modulevalidation -Xcc -I/Users/azamatzakirov/Library/Developer/Xcode/DerivedData/AIQuizlet-feruqamoqnndwoanqdomntpuhyix/Build/Intermediates.noindex/AIQuizlet.build/Debug-iphonesimulator/AIQuizlet.build/swift-overrides.hmap -emit-const-values -Xfrontend -const-gather-protocols-file -Xfrontend /Users/azamatzakirov/Library/Developer/Xcode/DerivedData/AIQuizlet-feruqamoqnndwoanqdomntpuhyix/Build/Intermediates.noindex/AIQuizlet.build/Debug-iphonesimulator/AIQuizlet.build/Objects-normal/arm64/AIQuizlet_const_extract_protocols.json -Xcc -iquote -Xcc /Users/azamatzakirov/Library/Developer/Xcode/DerivedData/AIQuizlet-feruqamoqnndwoanqdomntpuhyix/Build/Intermediates.noindex/AIQuizlet.build/Debug-iphonesimulator/AIQuizlet.build/AIQuizlet-generated-files.hmap -Xcc -I/Users/azamatzakirov/Library/Developer/Xcode/DerivedData/AIQuizlet-feruqamoqnndwoanqdomntpuhyix/Build/Intermediates.noindex/AIQuizlet.build/Debug-iphonesimulator/AIQuizlet.build/AIQuizlet-own-target-headers.hmap -Xcc -I/Users/azamatzakirov/Library/Developer/Xcode/DerivedData/AIQuizlet-feruqamoqnndwoanqdomntpuhyix/Build/Intermediates.noindex/AIQuizlet.build/Debug-iphonesimulator/AIQuizlet.build/AIQuizlet-all-target-headers.hmap -Xcc -iquote -Xcc /Users/azamatzakirov/Library/Developer/Xcode/DerivedData/AIQuizlet-feruqamoqnndwoanqdomntpuhyix/Build/Intermediates.noindex/AIQuizlet.build/Debug-iphonesimulator/AIQuizlet.build/AIQuizlet-project-headers.hmap -Xcc -I/Users/azamatzakirov/Library/Developer/Xcode/DerivedData/AIQuizlet-feruqamoqnndwoanqdomntpuhyix/Build/Products/Debug-iphonesimulator/include -Xcc -I/Users/azamatzakirov/Library/Developer/Xcode/DerivedData/AIQuizlet-feruqamoqnndwoanqdomntpuhyix/Build/Intermediates.noindex/AIQuizlet.build/Debug-iphonesimulator/AIQuizlet.build/DerivedSources-normal/arm64 -Xcc -I/Users/azamatzakirov/Library/Developer/Xcode/DerivedData/AIQuizlet-feruqamoqnndwoanqdomntpuhyix/Build/Intermediates.noindex/AIQuizlet.build/Debug-iphonesimulator/AIQuizlet.build/DerivedSources/arm64 -Xcc -I/Users/azamatzakirov/Library/Developer/Xcode/DerivedData/AIQuizlet-feruqamoqnndwoanqdomntpuhyix/Build/Intermediates.noindex/AIQuizlet.build/Debug-iphonesimulator/AIQuizlet.build/DerivedSources -Xcc -DDEBUG\=1 -emit-objc-header -emit-objc-header-path /Users/azamatzakirov/Library/Developer/Xcode/DerivedData/AIQuizlet-feruqamoqnndwoanqdomntpuhyix/Build/Intermediates.noindex/AIQuizlet.build/Debug-iphonesimulator/AIQuizlet.build/Objects-normal/arm64/AIQuizlet-Swift.h -working-directory /Users/azamatzakirov/ITIS/MySwiftProjects/UniverWork/AIQuizlet -experimental-emit-module-separately -disable-cmo

SwiftMergeGeneratedHeaders /Users/azamatzakirov/Library/Developer/Xcode/DerivedData/AIQuizlet-feruqamoqnndwoanqdomntpuhyix/Build/Intermediates.noindex/AIQuizlet.build/Debug-iphonesimulator/AIQuizlet.build/DerivedSources/AIQuizlet-Swift.h /Users/azamatzakirov/Library/Developer/Xcode/DerivedData/AIQuizlet-feruqamoqnndwoanqdomntpuhyix/Build/Intermediates.noindex/AIQuizlet.build/Debug-iphonesimulator/AIQuizlet.build/Objects-normal/arm64/AIQuizlet-Swift.h (in target 'AIQuizlet' from project 'AIQuizlet')
    cd /Users/azamatzakirov/ITIS/MySwiftProjects/UniverWork/AIQuizlet
    builtin-swiftHeaderTool -arch arm64 /Users/azamatzakirov/Library/Developer/Xcode/DerivedData/AIQuizlet-feruqamoqnndwoanqdomntpuhyix/Build/Intermediates.noindex/AIQuizlet.build/Debug-iphonesimulator/AIQuizlet.build/Objects-normal/arm64/AIQuizlet-Swift.h -o /Users/azamatzakirov/Library/Developer/Xcode/DerivedData/AIQuizlet-feruqamoqnndwoanqdomntpuhyix/Build/Intermediates.noindex/AIQuizlet.build/Debug-iphonesimulator/AIQuizlet.build/DerivedSources/AIQuizlet-Swift.h

Copy /Users/azamatzakirov/Library/Developer/Xcode/DerivedData/AIQuizlet-feruqamoqnndwoanqdomntpuhyix/Build/Products/Debug-iphonesimulator/AIQuizlet.swiftmodule/arm64-apple-ios-simulator.swiftmodule /Users/azamatzakirov/Library/Developer/Xcode/DerivedData/AIQuizlet-feruqamoqnndwoanqdomntpuhyix/Build/Intermediates.noindex/AIQuizlet.build/Debug-iphonesimulator/AIQuizlet.build/Objects-normal/arm64/AIQuizlet.swiftmodule (in target 'AIQuizlet' from project 'AIQuizlet')
    cd /Users/azamatzakirov/ITIS/MySwiftProjects/UniverWork/AIQuizlet
    builtin-copy -exclude .DS_Store -exclude CVS -exclude .svn -exclude .git -exclude .hg -resolve-src-symlinks -rename /Users/azamatzakirov/Library/Developer/Xcode/DerivedData/AIQuizlet-feruqamoqnndwoanqdomntpuhyix/Build/Intermediates.noindex/AIQuizlet.build/Debug-iphonesimulator/AIQuizlet.build/Objects-normal/arm64/AIQuizlet.swiftmodule /Users/azamatzakirov/Library/Developer/Xcode/DerivedData/AIQuizlet-feruqamoqnndwoanqdomntpuhyix/Build/Products/Debug-iphonesimulator/AIQuizlet.swiftmodule/arm64-apple-ios-simulator.swiftmodule

Copy /Users/azamatzakirov/Library/Developer/Xcode/DerivedData/AIQuizlet-feruqamoqnndwoanqdomntpuhyix/Build/Products/Debug-iphonesimulator/AIQuizlet.swiftmodule/arm64-apple-ios-simulator.abi.json /Users/azamatzakirov/Library/Developer/Xcode/DerivedData/AIQuizlet-feruqamoqnndwoanqdomntpuhyix/Build/Intermediates.noindex/AIQuizlet.build/Debug-iphonesimulator/AIQuizlet.build/Objects-normal/arm64/AIQuizlet.abi.json (in target 'AIQuizlet' from project 'AIQuizlet')
    cd /Users/azamatzakirov/ITIS/MySwiftProjects/UniverWork/AIQuizlet
    builtin-copy -exclude .DS_Store -exclude CVS -exclude .svn -exclude .git -exclude .hg -resolve-src-symlinks -rename /Users/azamatzakirov/Library/Developer/Xcode/DerivedData/AIQuizlet-feruqamoqnndwoanqdomntpuhyix/Build/Intermediates.noindex/AIQuizlet.build/Debug-iphonesimulator/AIQuizlet.build/Objects-normal/arm64/AIQuizlet.abi.json /Users/azamatzakirov/Library/Developer/Xcode/DerivedData/AIQuizlet-feruqamoqnndwoanqdomntpuhyix/Build/Products/Debug-iphonesimulator/AIQuizlet.swiftmodule/arm64-apple-ios-simulator.abi.json

Copy /Users/azamatzakirov/Library/Developer/Xcode/DerivedData/AIQuizlet-feruqamoqnndwoanqdomntpuhyix/Build/Products/Debug-iphonesimulator/AIQuizlet.swiftmodule/arm64-apple-ios-simulator.swiftdoc /Users/azamatzakirov/Library/Developer/Xcode/DerivedData/AIQuizlet-feruqamoqnndwoanqdomntpuhyix/Build/Intermediates.noindex/AIQuizlet.build/Debug-iphonesimulator/AIQuizlet.build/Objects-normal/arm64/AIQuizlet.swiftdoc (in target 'AIQuizlet' from project 'AIQuizlet')
    cd /Users/azamatzakirov/ITIS/MySwiftProjects/UniverWork/AIQuizlet
    builtin-copy -exclude .DS_Store -exclude CVS -exclude .svn -exclude .git -exclude .hg -resolve-src-symlinks -rename /Users/azamatzakirov/Library/Developer/Xcode/DerivedData/AIQuizlet-feruqamoqnndwoanqdomntpuhyix/Build/Intermediates.noindex/AIQuizlet.build/Debug-iphonesimulator/AIQuizlet.build/Objects-normal/arm64/AIQuizlet.swiftdoc /Users/azamatzakirov/Library/Developer/Xcode/DerivedData/AIQuizlet-feruqamoqnndwoanqdomntpuhyix/Build/Products/Debug-iphonesimulator/AIQuizlet.swiftmodule/arm64-apple-ios-simulator.swiftdoc

Copy /Users/azamatzakirov/Library/Developer/Xcode/DerivedData/AIQuizlet-feruqamoqnndwoanqdomntpuhyix/Build/Products/Debug-iphonesimulator/AIQuizlet.swiftmodule/Project/arm64-apple-ios-simulator.swiftsourceinfo /Users/azamatzakirov/Library/Developer/Xcode/DerivedData/AIQuizlet-feruqamoqnndwoanqdomntpuhyix/Build/Intermediates.noindex/AIQuizlet.build/Debug-iphonesimulator/AIQuizlet.build/Objects-normal/arm64/AIQuizlet.swiftsourceinfo (in target 'AIQuizlet' from project 'AIQuizlet')
    cd /Users/azamatzakirov/ITIS/MySwiftProjects/UniverWork/AIQuizlet
    builtin-copy -exclude .DS_Store -exclude CVS -exclude .svn -exclude .git -exclude .hg -resolve-src-symlinks -rename /Users/azamatzakirov/Library/Developer/Xcode/DerivedData/AIQuizlet-feruqamoqnndwoanqdomntpuhyix/Build/Intermediates.noindex/AIQuizlet.build/Debug-iphonesimulator/AIQuizlet.build/Objects-normal/arm64/AIQuizlet.swiftsourceinfo /Users/azamatzakirov/Library/Developer/Xcode/DerivedData/AIQuizlet-feruqamoqnndwoanqdomntpuhyix/Build/Products/Debug-iphonesimulator/AIQuizlet.swiftmodule/Project/arm64-apple-ios-simulator.swiftsourceinfo

SwiftDriverJobDiscovery normal arm64 Compiling ViewController.swift (in target 'AIQuizlet' from project 'AIQuizlet')

SwiftDriverJobDiscovery normal arm64 Compiling GeneratedAssetSymbols.swift (in target 'AIQuizlet' from project 'AIQuizlet')

SwiftDriverJobDiscovery normal arm64 Compiling SceneDelegate.swift (in target 'AIQuizlet' from project 'AIQuizlet')

SwiftDriverJobDiscovery normal arm64 Compiling AppDelegate.swift (in target 'AIQuizlet' from project 'AIQuizlet')

SwiftDriver\ Compilation AIQuizlet normal arm64 com.apple.xcode.tools.swift.compiler (in target 'AIQuizlet' from project 'AIQuizlet')
    cd /Users/azamatzakirov/ITIS/MySwiftProjects/UniverWork/AIQuizlet
    builtin-Swift-Compilation -- /Applications/Xcode.app/Contents/Developer/Toolchains/XcodeDefault.xctoolchain/usr/bin/swiftc -module-name AIQuizlet -Onone -enforce-exclusivity\=checked @/Users/azamatzakirov/Library/Developer/Xcode/DerivedData/AIQuizlet-feruqamoqnndwoanqdomntpuhyix/Build/Intermediates.noindex/AIQuizlet.build/Debug-iphonesimulator/AIQuizlet.build/Objects-normal/arm64/AIQuizlet.SwiftFileList -DDEBUG -enable-bare-slash-regex -enable-experimental-feature DebugDescriptionMacro -sdk /Applications/Xcode.app/Contents/Developer/Platforms/iPhoneSimulator.platform/Developer/SDKs/iPhoneSimulator26.2.sdk -target arm64-apple-ios26.2-simulator -g -module-cache-path /Users/azamatzakirov/Library/Developer/Xcode/DerivedData/ModuleCache.noindex -Xfrontend -serialize-debugging-options -enable-testing -index-store-path /Users/azamatzakirov/Library/Developer/Xcode/DerivedData/AIQuizlet-feruqamoqnndwoanqdomntpuhyix/Index.noindex/DataStore -Xcc -D_LIBCPP_HARDENING_MODE\=_LIBCPP_HARDENING_MODE_DEBUG -swift-version 5 -I /Users/azamatzakirov/Library/Developer/Xcode/DerivedData/AIQuizlet-feruqamoqnndwoanqdomntpuhyix/Build/Products/Debug-iphonesimulator -F /Users/azamatzakirov/Library/Developer/Xcode/DerivedData/AIQuizlet-feruqamoqnndwoanqdomntpuhyix/Build/Products/Debug-iphonesimulator -c -j10 -enable-batch-mode -incremental -Xcc -ivfsstatcache -Xcc /Users/azamatzakirov/Library/Developer/Xcode/DerivedData/SDKStatCaches.noindex/iphonesimulator26.2-23C53-7d00a8b37fbd7999ea79df8ebc024bf0.sdkstatcache -output-file-map /Users/azamatzakirov/Library/Developer/Xcode/DerivedData/AIQuizlet-feruqamoqnndwoanqdomntpuhyix/Build/Intermediates.noindex/AIQuizlet.build/Debug-iphonesimulator/AIQuizlet.build/Objects-normal/arm64/AIQuizlet-OutputFileMap.json -use-frontend-parseable-output -save-temps -no-color-diagnostics -explicit-module-build -module-cache-path /Users/azamatzakirov/Library/Developer/Xcode/DerivedData/AIQuizlet-feruqamoqnndwoanqdomntpuhyix/Build/Intermediates.noindex/SwiftExplicitPrecompiledModules -clang-scanner-module-cache-path /Users/azamatzakirov/Library/Developer/Xcode/DerivedData/ModuleCache.noindex -sdk-module-cache-path /Users/azamatzakirov/Library/Developer/Xcode/DerivedData/ModuleCache.noindex -serialize-diagnostics -emit-dependencies -emit-module -emit-module-path /Users/azamatzakirov/Library/Developer/Xcode/DerivedData/AIQuizlet-feruqamoqnndwoanqdomntpuhyix/Build/Intermediates.noindex/AIQuizlet.build/Debug-iphonesimulator/AIQuizlet.build/Objects-normal/arm64/AIQuizlet.swiftmodule -validate-clang-modules-once -clang-build-session-file /Users/azamatzakirov/Library/Developer/Xcode/DerivedData/ModuleCache.noindex/Session.modulevalidation -Xcc -I/Users/azamatzakirov/Library/Developer/Xcode/DerivedData/AIQuizlet-feruqamoqnndwoanqdomntpuhyix/Build/Intermediates.noindex/AIQuizlet.build/Debug-iphonesimulator/AIQuizlet.build/swift-overrides.hmap -emit-const-values -Xfrontend -const-gather-protocols-file -Xfrontend /Users/azamatzakirov/Library/Developer/Xcode/DerivedData/AIQuizlet-feruqamoqnndwoanqdomntpuhyix/Build/Intermediates.noindex/AIQuizlet.build/Debug-iphonesimulator/AIQuizlet.build/Objects-normal/arm64/AIQuizlet_const_extract_protocols.json -Xcc -iquote -Xcc /Users/azamatzakirov/Library/Developer/Xcode/DerivedData/AIQuizlet-feruqamoqnndwoanqdomntpuhyix/Build/Intermediates.noindex/AIQuizlet.build/Debug-iphonesimulator/AIQuizlet.build/AIQuizlet-generated-files.hmap -Xcc -I/Users/azamatzakirov/Library/Developer/Xcode/DerivedData/AIQuizlet-feruqamoqnndwoanqdomntpuhyix/Build/Intermediates.noindex/AIQuizlet.build/Debug-iphonesimulator/AIQuizlet.build/AIQuizlet-own-target-headers.hmap -Xcc -I/Users/azamatzakirov/Library/Developer/Xcode/DerivedData/AIQuizlet-feruqamoqnndwoanqdomntpuhyix/Build/Intermediates.noindex/AIQuizlet.build/Debug-iphonesimulator/AIQuizlet.build/AIQuizlet-all-target-headers.hmap -Xcc -iquote -Xcc /Users/azamatzakirov/Library/Developer/Xcode/DerivedData/AIQuizlet-feruqamoqnndwoanqdomntpuhyix/Build/Intermediates.noindex/AIQuizlet.build/Debug-iphonesimulator/AIQuizlet.build/AIQuizlet-project-headers.hmap -Xcc -I/Users/azamatzakirov/Library/Developer/Xcode/DerivedData/AIQuizlet-feruqamoqnndwoanqdomntpuhyix/Build/Products/Debug-iphonesimulator/include -Xcc -I/Users/azamatzakirov/Library/Developer/Xcode/DerivedData/AIQuizlet-feruqamoqnndwoanqdomntpuhyix/Build/Intermediates.noindex/AIQuizlet.build/Debug-iphonesimulator/AIQuizlet.build/DerivedSources-normal/arm64 -Xcc -I/Users/azamatzakirov/Library/Developer/Xcode/DerivedData/AIQuizlet-feruqamoqnndwoanqdomntpuhyix/Build/Intermediates.noindex/AIQuizlet.build/Debug-iphonesimulator/AIQuizlet.build/DerivedSources/arm64 -Xcc -I/Users/azamatzakirov/Library/Developer/Xcode/DerivedData/AIQuizlet-feruqamoqnndwoanqdomntpuhyix/Build/Intermediates.noindex/AIQuizlet.build/Debug-iphonesimulator/AIQuizlet.build/DerivedSources -Xcc -DDEBUG\=1 -emit-objc-header -emit-objc-header-path /Users/azamatzakirov/Library/Developer/Xcode/DerivedData/AIQuizlet-feruqamoqnndwoanqdomntpuhyix/Build/Intermediates.noindex/AIQuizlet.build/Debug-iphonesimulator/AIQuizlet.build/Objects-normal/arm64/AIQuizlet-Swift.h -working-directory /Users/azamatzakirov/ITIS/MySwiftProjects/UniverWork/AIQuizlet -experimental-emit-module-separately -disable-cmo

Ld /Users/azamatzakirov/Library/Developer/Xcode/DerivedData/AIQuizlet-feruqamoqnndwoanqdomntpuhyix/Build/Products/Debug-iphonesimulator/AIQuizlet.app/AIQuizlet.debug.dylib normal (in target 'AIQuizlet' from project 'AIQuizlet')
    cd /Users/azamatzakirov/ITIS/MySwiftProjects/UniverWork/AIQuizlet
    /Applications/Xcode.app/Contents/Developer/Toolchains/XcodeDefault.xctoolchain/usr/bin/clang -Xlinker -reproducible -target arm64-apple-ios26.2-simulator -dynamiclib -isysroot /Applications/Xcode.app/Contents/Developer/Platforms/iPhoneSimulator.platform/Developer/SDKs/iPhoneSimulator26.2.sdk -O0 -L/Users/azamatzakirov/Library/Developer/Xcode/DerivedData/AIQuizlet-feruqamoqnndwoanqdomntpuhyix/Build/Intermediates.noindex/EagerLinkingTBDs/Debug-iphonesimulator -L/Users/azamatzakirov/Library/Developer/Xcode/DerivedData/AIQuizlet-feruqamoqnndwoanqdomntpuhyix/Build/Products/Debug-iphonesimulator -F/Users/azamatzakirov/Library/Developer/Xcode/DerivedData/AIQuizlet-feruqamoqnndwoanqdomntpuhyix/Build/Intermediates.noindex/EagerLinkingTBDs/Debug-iphonesimulator -F/Users/azamatzakirov/Library/Developer/Xcode/DerivedData/AIQuizlet-feruqamoqnndwoanqdomntpuhyix/Build/Products/Debug-iphonesimulator -filelist /Users/azamatzakirov/Library/Developer/Xcode/DerivedData/AIQuizlet-feruqamoqnndwoanqdomntpuhyix/Build/Intermediates.noindex/AIQuizlet.build/Debug-iphonesimulator/AIQuizlet.build/Objects-normal/arm64/AIQuizlet.LinkFileList -install_name @rpath/AIQuizlet.debug.dylib -Xlinker -rpath -Xlinker @executable_path/Frameworks -dead_strip -Xlinker -object_path_lto -Xlinker /Users/azamatzakirov/Library/Developer/Xcode/DerivedData/AIQuizlet-feruqamoqnndwoanqdomntpuhyix/Build/Intermediates.noindex/AIQuizlet.build/Debug-iphonesimulator/AIQuizlet.build/Objects-normal/arm64/AIQuizlet_lto.o -rdynamic -Xlinker -no_deduplicate -Xlinker -objc_abi_version -Xlinker 2 -Xlinker -dependency_info -Xlinker /Users/azamatzakirov/Library/Developer/Xcode/DerivedData/AIQuizlet-feruqamoqnndwoanqdomntpuhyix/Build/Intermediates.noindex/AIQuizlet.build/Debug-iphonesimulator/AIQuizlet.build/Objects-normal/arm64/AIQuizlet_dependency_info.dat -fobjc-link-runtime -L/Applications/Xcode.app/Contents/Developer/Toolchains/XcodeDefault.xctoolchain/usr/lib/swift/iphonesimulator -L/usr/lib/swift -Xlinker -add_ast_path -Xlinker /Users/azamatzakirov/Library/Developer/Xcode/DerivedData/AIQuizlet-feruqamoqnndwoanqdomntpuhyix/Build/Intermediates.noindex/AIQuizlet.build/Debug-iphonesimulator/AIQuizlet.build/Objects-normal/arm64/AIQuizlet.swiftmodule @/Users/azamatzakirov/Library/Developer/Xcode/DerivedData/AIQuizlet-feruqamoqnndwoanqdomntpuhyix/Build/Intermediates.noindex/AIQuizlet.build/Debug-iphonesimulator/AIQuizlet.build/Objects-normal/arm64/AIQuizlet-linker-args.resp -Xlinker -alias -Xlinker _main -Xlinker ___debug_main_executable_dylib_entry_point -Xlinker -no_adhoc_codesign -o /Users/azamatzakirov/Library/Developer/Xcode/DerivedData/AIQuizlet-feruqamoqnndwoanqdomntpuhyix/Build/Products/Debug-iphonesimulator/AIQuizlet.app/AIQuizlet.debug.dylib

ConstructStubExecutorLinkFileList /Users/azamatzakirov/Library/Developer/Xcode/DerivedData/AIQuizlet-feruqamoqnndwoanqdomntpuhyix/Build/Intermediates.noindex/AIQuizlet.build/Debug-iphonesimulator/AIQuizlet.build/AIQuizlet-ExecutorLinkFileList-normal-arm64.txt (in target 'AIQuizlet' from project 'AIQuizlet')
    cd /Users/azamatzakirov/ITIS/MySwiftProjects/UniverWork/AIQuizlet
    construct-stub-executor-link-file-list /Users/azamatzakirov/Library/Developer/Xcode/DerivedData/AIQuizlet-feruqamoqnndwoanqdomntpuhyix/Build/Products/Debug-iphonesimulator/AIQuizlet.app/AIQuizlet.debug.dylib /Applications/Xcode.app/Contents/Developer/Platforms/iPhoneSimulator.platform/Developer/usr/lib/libPreviewsJITStubExecutor_no_swift_entry_point.a /Applications/Xcode.app/Contents/Developer/Platforms/iPhoneSimulator.platform/Developer/usr/lib/libPreviewsJITStubExecutor.a --output /Users/azamatzakirov/Library/Developer/Xcode/DerivedData/AIQuizlet-feruqamoqnndwoanqdomntpuhyix/Build/Intermediates.noindex/AIQuizlet.build/Debug-iphonesimulator/AIQuizlet.build/AIQuizlet-ExecutorLinkFileList-normal-arm64.txt
note: Using stub executor library with Swift entry point. (in target 'AIQuizlet' from project 'AIQuizlet')

Ld /Users/azamatzakirov/Library/Developer/Xcode/DerivedData/AIQuizlet-feruqamoqnndwoanqdomntpuhyix/Build/Products/Debug-iphonesimulator/AIQuizlet.app/AIQuizlet normal (in target 'AIQuizlet' from project 'AIQuizlet')
    cd /Users/azamatzakirov/ITIS/MySwiftProjects/UniverWork/AIQuizlet
    /Applications/Xcode.app/Contents/Developer/Toolchains/XcodeDefault.xctoolchain/usr/bin/clang -Xlinker -reproducible -target arm64-apple-ios26.2-simulator -isysroot /Applications/Xcode.app/Contents/Developer/Platforms/iPhoneSimulator.platform/Developer/SDKs/iPhoneSimulator26.2.sdk -O0 -L/Users/azamatzakirov/Library/Developer/Xcode/DerivedData/AIQuizlet-feruqamoqnndwoanqdomntpuhyix/Build/Products/Debug-iphonesimulator -F/Users/azamatzakirov/Library/Developer/Xcode/DerivedData/AIQuizlet-feruqamoqnndwoanqdomntpuhyix/Build/Products/Debug-iphonesimulator -Xlinker -rpath -Xlinker @executable_path -Xlinker -rpath -Xlinker @executable_path/Frameworks -rdynamic -Xlinker -no_deduplicate -Xlinker -objc_abi_version -Xlinker 2 -e ___debug_blank_executor_main -Xlinker -sectcreate -Xlinker __TEXT -Xlinker __debug_dylib -Xlinker /Users/azamatzakirov/Library/Developer/Xcode/DerivedData/AIQuizlet-feruqamoqnndwoanqdomntpuhyix/Build/Intermediates.noindex/AIQuizlet.build/Debug-iphonesimulator/AIQuizlet.build/AIQuizlet-DebugDylibPath-normal-arm64.txt -Xlinker -sectcreate -Xlinker __TEXT -Xlinker __debug_instlnm -Xlinker /Users/azamatzakirov/Library/Developer/Xcode/DerivedData/AIQuizlet-feruqamoqnndwoanqdomntpuhyix/Build/Intermediates.noindex/AIQuizlet.build/Debug-iphonesimulator/AIQuizlet.build/AIQuizlet-DebugDylibInstallName-normal-arm64.txt -Xlinker -filelist -Xlinker /Users/azamatzakirov/Library/Developer/Xcode/DerivedData/AIQuizlet-feruqamoqnndwoanqdomntpuhyix/Build/Intermediates.noindex/AIQuizlet.build/Debug-iphonesimulator/AIQuizlet.build/AIQuizlet-ExecutorLinkFileList-normal-arm64.txt -Xlinker -sectcreate -Xlinker __TEXT -Xlinker __entitlements -Xlinker /Users/azamatzakirov/Library/Developer/Xcode/DerivedData/AIQuizlet-feruqamoqnndwoanqdomntpuhyix/Build/Intermediates.noindex/AIQuizlet.build/Debug-iphonesimulator/AIQuizlet.build/AIQuizlet.app-Simulated.xcent -Xlinker -sectcreate -Xlinker __TEXT -Xlinker __ents_der -Xlinker /Users/azamatzakirov/Library/Developer/Xcode/DerivedData/AIQuizlet-feruqamoqnndwoanqdomntpuhyix/Build/Intermediates.noindex/AIQuizlet.build/Debug-iphonesimulator/AIQuizlet.build/AIQuizlet.app-Simulated.xcent.der /Users/azamatzakirov/Library/Developer/Xcode/DerivedData/AIQuizlet-feruqamoqnndwoanqdomntpuhyix/Build/Products/Debug-iphonesimulator/AIQuizlet.app/AIQuizlet.debug.dylib -Xlinker -no_adhoc_codesign -o /Users/azamatzakirov/Library/Developer/Xcode/DerivedData/AIQuizlet-feruqamoqnndwoanqdomntpuhyix/Build/Products/Debug-iphonesimulator/AIQuizlet.app/AIQuizlet

CopySwiftLibs /Users/azamatzakirov/Library/Developer/Xcode/DerivedData/AIQuizlet-feruqamoqnndwoanqdomntpuhyix/Build/Products/Debug-iphonesimulator/AIQuizlet.app (in target 'AIQuizlet' from project 'AIQuizlet')
    cd /Users/azamatzakirov/ITIS/MySwiftProjects/UniverWork/AIQuizlet
    builtin-swiftStdLibTool --copy --verbose --sign - --scan-executable /Users/azamatzakirov/Library/Developer/Xcode/DerivedData/AIQuizlet-feruqamoqnndwoanqdomntpuhyix/Build/Products/Debug-iphonesimulator/AIQuizlet.app/AIQuizlet.debug.dylib --scan-folder /Users/azamatzakirov/Library/Developer/Xcode/DerivedData/AIQuizlet-feruqamoqnndwoanqdomntpuhyix/Build/Products/Debug-iphonesimulator/AIQuizlet.app/Frameworks --scan-folder /Users/azamatzakirov/Library/Developer/Xcode/DerivedData/AIQuizlet-feruqamoqnndwoanqdomntpuhyix/Build/Products/Debug-iphonesimulator/AIQuizlet.app/PlugIns --scan-folder /Users/azamatzakirov/Library/Developer/Xcode/DerivedData/AIQuizlet-feruqamoqnndwoanqdomntpuhyix/Build/Products/Debug-iphonesimulator/AIQuizlet.app/SystemExtensions --scan-folder /Users/azamatzakirov/Library/Developer/Xcode/DerivedData/AIQuizlet-feruqamoqnndwoanqdomntpuhyix/Build/Products/Debug-iphonesimulator/AIQuizlet.app/Extensions --platform iphonesimulator --toolchain /Applications/Xcode.app/Contents/Developer/Toolchains/XcodeDefault.xctoolchain --destination /Users/azamatzakirov/Library/Developer/Xcode/DerivedData/AIQuizlet-feruqamoqnndwoanqdomntpuhyix/Build/Products/Debug-iphonesimulator/AIQuizlet.app/Frameworks --strip-bitcode --strip-bitcode-tool /Applications/Xcode.app/Contents/Developer/Toolchains/XcodeDefault.xctoolchain/usr/bin/bitcode_strip --emit-dependency-info /Users/azamatzakirov/Library/Developer/Xcode/DerivedData/AIQuizlet-feruqamoqnndwoanqdomntpuhyix/Build/Intermediates.noindex/AIQuizlet.build/Debug-iphonesimulator/AIQuizlet.build/SwiftStdLibToolInputDependencies.dep --filter-for-swift-os

ExtractAppIntentsMetadata (in target 'AIQuizlet' from project 'AIQuizlet')
    cd /Users/azamatzakirov/ITIS/MySwiftProjects/UniverWork/AIQuizlet
    /Applications/Xcode.app/Contents/Developer/Toolchains/XcodeDefault.xctoolchain/usr/bin/appintentsmetadataprocessor --toolchain-dir /Applications/Xcode.app/Contents/Developer/Toolchains/XcodeDefault.xctoolchain --module-name AIQuizlet --sdk-root /Applications/Xcode.app/Contents/Developer/Platforms/iPhoneSimulator.platform/Developer/SDKs/iPhoneSimulator26.2.sdk --xcode-version 17C52 --platform-family iOS --deployment-target 26.2 --bundle-identifier com.azamat.AIQuizlet --output /Users/azamatzakirov/Library/Developer/Xcode/DerivedData/AIQuizlet-feruqamoqnndwoanqdomntpuhyix/Build/Products/Debug-iphonesimulator/AIQuizlet.app --target-triple arm64-apple-ios26.2-simulator --binary-file /Users/azamatzakirov/Library/Developer/Xcode/DerivedData/AIQuizlet-feruqamoqnndwoanqdomntpuhyix/Build/Products/Debug-iphonesimulator/AIQuizlet.app/AIQuizlet --dependency-file /Users/azamatzakirov/Library/Developer/Xcode/DerivedData/AIQuizlet-feruqamoqnndwoanqdomntpuhyix/Build/Intermediates.noindex/AIQuizlet.build/Debug-iphonesimulator/AIQuizlet.build/Objects-normal/arm64/AIQuizlet_dependency_info.dat --stringsdata-file /Users/azamatzakirov/Library/Developer/Xcode/DerivedData/AIQuizlet-feruqamoqnndwoanqdomntpuhyix/Build/Intermediates.noindex/AIQuizlet.build/Debug-iphonesimulator/AIQuizlet.build/Objects-normal/arm64/ExtractedAppShortcutsMetadata.stringsdata --source-file-list /Users/azamatzakirov/Library/Developer/Xcode/DerivedData/AIQuizlet-feruqamoqnndwoanqdomntpuhyix/Build/Intermediates.noindex/AIQuizlet.build/Debug-iphonesimulator/AIQuizlet.build/Objects-normal/arm64/AIQuizlet.SwiftFileList --metadata-file-list /Users/azamatzakirov/Library/Developer/Xcode/DerivedData/AIQuizlet-feruqamoqnndwoanqdomntpuhyix/Build/Intermediates.noindex/AIQuizlet.build/Debug-iphonesimulator/AIQuizlet.build/AIQuizlet.DependencyMetadataFileList --static-metadata-file-list /Users/azamatzakirov/Library/Developer/Xcode/DerivedData/AIQuizlet-feruqamoqnndwoanqdomntpuhyix/Build/Intermediates.noindex/AIQuizlet.build/Debug-iphonesimulator/AIQuizlet.build/AIQuizlet.DependencyStaticMetadataFileList --swift-const-vals-list /Users/azamatzakirov/Library/Developer/Xcode/DerivedData/AIQuizlet-feruqamoqnndwoanqdomntpuhyix/Build/Intermediates.noindex/AIQuizlet.build/Debug-iphonesimulator/AIQuizlet.build/Objects-normal/arm64/AIQuizlet.SwiftConstValuesFileList --compile-time-extraction --deployment-aware-processing --validate-assistant-intents --no-app-shortcuts-localization
2026-03-24 15:10:00.363 appintentsmetadataprocessor[94273:3537269] Starting appintentsmetadataprocessor export
2026-03-24 15:10:00.366 appintentsmetadataprocessor[94273:3537269] warning: Metadata extraction skipped. No AppIntents.framework dependency found.

AppIntentsSSUTraining (in target 'AIQuizlet' from project 'AIQuizlet')
    cd /Users/azamatzakirov/ITIS/MySwiftProjects/UniverWork/AIQuizlet
    /Applications/Xcode.app/Contents/Developer/Toolchains/XcodeDefault.xctoolchain/usr/bin/appintentsnltrainingprocessor --infoplist-path /Users/azamatzakirov/Library/Developer/Xcode/DerivedData/AIQuizlet-feruqamoqnndwoanqdomntpuhyix/Build/Products/Debug-iphonesimulator/AIQuizlet.app/Info.plist --temp-dir-path /Users/azamatzakirov/Library/Developer/Xcode/DerivedData/AIQuizlet-feruqamoqnndwoanqdomntpuhyix/Build/Intermediates.noindex/AIQuizlet.build/Debug-iphonesimulator/AIQuizlet.build/ssu --bundle-id com.azamat.AIQuizlet --product-path /Users/azamatzakirov/Library/Developer/Xcode/DerivedData/AIQuizlet-feruqamoqnndwoanqdomntpuhyix/Build/Products/Debug-iphonesimulator/AIQuizlet.app --extracted-metadata-path /Users/azamatzakirov/Library/Developer/Xcode/DerivedData/AIQuizlet-feruqamoqnndwoanqdomntpuhyix/Build/Products/Debug-iphonesimulator/AIQuizlet.app/Metadata.appintents --metadata-file-list /Users/azamatzakirov/Library/Developer/Xcode/DerivedData/AIQuizlet-feruqamoqnndwoanqdomntpuhyix/Build/Intermediates.noindex/AIQuizlet.build/Debug-iphonesimulator/AIQuizlet.build/AIQuizlet.DependencyMetadataFileList --archive-ssu-assets
2026-03-24 15:10:00.380 appintentsnltrainingprocessor[94274:3537270] Parsing options for appintentsnltrainingprocessor
2026-03-24 15:10:00.380 appintentsnltrainingprocessor[94274:3537270] No AppShortcuts found - Skipping.

CodeSign /Users/azamatzakirov/Library/Developer/Xcode/DerivedData/AIQuizlet-feruqamoqnndwoanqdomntpuhyix/Build/Products/Debug-iphonesimulator/AIQuizlet.app/AIQuizlet.debug.dylib (in target 'AIQuizlet' from project 'AIQuizlet')
    cd /Users/azamatzakirov/ITIS/MySwiftProjects/UniverWork/AIQuizlet
    
    Signing Identity:     "Sign to Run Locally"
    
    /usr/bin/codesign --force --sign - --timestamp\=none --generate-entitlement-der /Users/azamatzakirov/Library/Developer/Xcode/DerivedData/AIQuizlet-feruqamoqnndwoanqdomntpuhyix/Build/Products/Debug-iphonesimulator/AIQuizlet.app/AIQuizlet.debug.dylib

CodeSign /Users/azamatzakirov/Library/Developer/Xcode/DerivedData/AIQuizlet-feruqamoqnndwoanqdomntpuhyix/Build/Products/Debug-iphonesimulator/AIQuizlet.app/__preview.dylib (in target 'AIQuizlet' from project 'AIQuizlet')
    cd /Users/azamatzakirov/ITIS/MySwiftProjects/UniverWork/AIQuizlet
    
    Signing Identity:     "Sign to Run Locally"
    
    /usr/bin/codesign --force --sign - --timestamp\=none --generate-entitlement-der /Users/azamatzakirov/Library/Developer/Xcode/DerivedData/AIQuizlet-feruqamoqnndwoanqdomntpuhyix/Build/Products/Debug-iphonesimulator/AIQuizlet.app/__preview.dylib

CodeSign /Users/azamatzakirov/Library/Developer/Xcode/DerivedData/AIQuizlet-feruqamoqnndwoanqdomntpuhyix/Build/Products/Debug-iphonesimulator/AIQuizlet.app (in target 'AIQuizlet' from project 'AIQuizlet')
    cd /Users/azamatzakirov/ITIS/MySwiftProjects/UniverWork/AIQuizlet
    
    Signing Identity:     "Sign to Run Locally"
    
    /usr/bin/codesign --force --sign - --timestamp\=none --generate-entitlement-der /Users/azamatzakirov/Library/Developer/Xcode/DerivedData/AIQuizlet-feruqamoqnndwoanqdomntpuhyix/Build/Products/Debug-iphonesimulator/AIQuizlet.app

RegisterExecutionPolicyException /Users/azamatzakirov/Library/Developer/Xcode/DerivedData/AIQuizlet-feruqamoqnndwoanqdomntpuhyix/Build/Products/Debug-iphonesimulator/AIQuizlet.app (in target 'AIQuizlet' from project 'AIQuizlet')
    cd /Users/azamatzakirov/ITIS/MySwiftProjects/UniverWork/AIQuizlet
    builtin-RegisterExecutionPolicyException /Users/azamatzakirov/Library/Developer/Xcode/DerivedData/AIQuizlet-feruqamoqnndwoanqdomntpuhyix/Build/Products/Debug-iphonesimulator/AIQuizlet.app

Validate /Users/azamatzakirov/Library/Developer/Xcode/DerivedData/AIQuizlet-feruqamoqnndwoanqdomntpuhyix/Build/Products/Debug-iphonesimulator/AIQuizlet.app (in target 'AIQuizlet' from project 'AIQuizlet')
    cd /Users/azamatzakirov/ITIS/MySwiftProjects/UniverWork/AIQuizlet
    builtin-validationUtility /Users/azamatzakirov/Library/Developer/Xcode/DerivedData/AIQuizlet-feruqamoqnndwoanqdomntpuhyix/Build/Products/Debug-iphonesimulator/AIQuizlet.app -shallow-bundle -infoplist-subpath Info.plist

Touch /Users/azamatzakirov/Library/Developer/Xcode/DerivedData/AIQuizlet-feruqamoqnndwoanqdomntpuhyix/Build/Products/Debug-iphonesimulator/AIQuizlet.app (in target 'AIQuizlet' from project 'AIQuizlet')
    cd /Users/azamatzakirov/ITIS/MySwiftProjects/UniverWork/AIQuizlet
    /usr/bin/touch -c /Users/azamatzakirov/Library/Developer/Xcode/DerivedData/AIQuizlet-feruqamoqnndwoanqdomntpuhyix/Build/Products/Debug-iphonesimulator/AIQuizlet.app

** BUILD SUCCEEDED **

